[2025-02-10T16:03:21.941493+00:00] main.CRITICAL: Exception: Item (Magento\Customer\Ui\Component\DataProvider\Document) with the same ID "10" already exists. in /var/www/html/vendor/magento/framework/Data/Collection.php:414
Stack trace:
#0 /var/www/html/vendor/magento/framework/Data/Collection/AbstractDb.php(804): Magento\Framework\Data\Collection->addItem(Object(Magento\Customer\Ui\Component\DataProvider\Document))
#1 /var/www/html/vendor/magento/framework/Data/Collection/AbstractDb.php(777): Magento\Framework\Data\Collection\AbstractDb->loadWithFilter(false, false)
#2 /var/www/html/vendor/magento/framework/Interception/Interceptor.php(58): Magento\Framework\Data\Collection\AbstractDb->load()
#3 /var/www/html/vendor/magento/framework/Interception/Interceptor.php(138): Magento\Customer\Model\ResourceModel\Grid\Collection\Interceptor->___callParent('load', Array)
#4 /var/www/html/vendor/magento/framework/Interception/Interceptor.php(153): Magento\Customer\Model\ResourceModel\Grid\Collection\Interceptor->Magento\Framework\Interception\{closure}()
#5 /var/www/html/generated/code/Magento/Customer/Model/ResourceModel/Grid/Collection/Interceptor.php(32): Magento\Customer\Model\ResourceModel\Grid\Collection\Interceptor->___callPlugins('load', Array, Array)
#6 /var/www/html/vendor/magento/framework/Data/Collection.php(340): Magento\Customer\Model\ResourceModel\Grid\Collection\Interceptor->load()
#7 /var/www/html/vendor/magento/framework/View/Element/UiComponent/DataProvider/DataProvider.php(252): Magento\Framework\Data\Collection->getItems()
#8 /var/www/html/vendor/magento/framework/View/Element/UiComponent/DataProvider/DataProvider.php(286): Magento\Framework\View\Element\UiComponent\DataProvider\DataProvider->searchResultToOutput(Object(Magento\Customer\Model\ResourceModel\Grid\Collection\Interceptor))
#9 /var/www/html/vendor/magento/module-customer/Ui/Component/DataProvider.php(66): Magento\Framework\View\Element\UiComponent\DataProvider\DataProvider->getData()
#10 /var/www/html/vendor/magento/module-ui/Component/Listing.php(38): Magento\Customer\Ui\Component\DataProvider->getData()
#11 /var/www/html/vendor/magento/framework/View/Element/UiComponent/Context.php(250): Magento\Ui\Component\Listing->getDataSourceData()
#12 /var/www/html/vendor/magento/framework/View/Layout/Generic.php(75): Magento\Framework\View\Element\UiComponent\Context->getDataSourceData(Object(Magento\Ui\Component\Listing))
#13 /var/www/html/vendor/magento/framework/View/Layout/Generator/Structure.php(46): Magento\Framework\View\Layout\Generic->build(Object(Magento\Ui\Component\Listing))
#14 /var/www/html/vendor/magento/module-ui/TemplateEngine/Xhtml/Result.php(102): Magento\Framework\View\Layout\Generator\Structure->generate(Object(Magento\Ui\Component\Listing))
#15 /var/www/html/vendor/magento/module-ui/TemplateEngine/Xhtml/Result.php(124): Magento\Ui\TemplateEngine\Xhtml\Result->appendLayoutConfiguration()
#16 /var/www/html/vendor/magento/module-ui/Component/Wrapper/UiComponent.php(73): Magento\Ui\TemplateEngine\Xhtml\Result->__toString()
#17 /var/www/html/vendor/magento/framework/View/Element/AbstractBlock.php(1128): Magento\Ui\Component\Wrapper\UiComponent->_toHtml()
#18 /var/www/html/vendor/magento/framework/View/Element/AbstractBlock.php(1132): Magento\Framework\View\Element\AbstractBlock->Magento\Framework\View\Element\{closure}()
#19 /var/www/html/vendor/magento/framework/View/Element/AbstractBlock.php(676): Magento\Framework\View\Element\AbstractBlock->_loadCache()
#20 /var/www/html/vendor/magento/framework/View/Layout.php(591): Magento\Framework\View\Element\AbstractBlock->toHtml()
#21 /var/www/html/vendor/magento/framework/View/Layout.php(553): Magento\Framework\View\Layout->_renderUiComponent('customer_listin...')
#22 /var/www/html/vendor/magento/framework/View/Layout.php(510): Magento\Framework\View\Layout->renderNonCachedElement('customer_listin...')
#23 /var/www/html/vendor/magento/framework/View/Layout.php(606): Magento\Framework\View\Layout->renderElement('customer_listin...', false)
#24 /var/www/html/vendor/magento/framework/View/Layout.php(557): Magento\Framework\View\Layout->_renderContainer('content', false)
#25 /var/www/html/vendor/magento/framework/View/Layout.php(510): Magento\Framework\View\Layout->renderNonCachedElement('content')
#26 /var/www/html/vendor/magento/framework/View/Layout.php(606): Magento\Framework\View\Layout->renderElement('content', false)
#27 /var/www/html/vendor/magento/framework/View/Layout.php(557): Magento\Framework\View\Layout->_renderContainer('main.col', false)
#28 /var/www/html/vendor/magento/framework/View/Layout.php(510): Magento\Framework\View\Layout->renderNonCachedElement('main.col')
#29 /var/www/html/vendor/magento/framework/View/Layout.php(606): Magento\Framework\View\Layout->renderElement('main.col', false)
#30 /var/www/html/vendor/magento/framework/View/Layout.php(557): Magento\Framework\View\Layout->_renderContainer('admin.scope.col...', false)
#31 /var/www/html/vendor/magento/framework/View/Layout.php(510): Magento\Framework\View\Layout->renderNonCachedElement('admin.scope.col...')
#32 /var/www/html/vendor/magento/framework/View/Layout.php(606): Magento\Framework\View\Layout->renderElement('admin.scope.col...', false)
#33 /var/www/html/vendor/magento/framework/View/Layout.php(557): Magento\Framework\View\Layout->_renderContainer('page.main.conta...', false)
#34 /var/www/html/vendor/magento/framework/View/Layout.php(510): Magento\Framework\View\Layout->renderNonCachedElement('page.main.conta...')
#35 /var/www/html/vendor/magento/framework/View/Layout.php(606): Magento\Framework\View\Layout->renderElement('page.main.conta...', false)
#36 /var/www/html/vendor/magento/framework/View/Layout.php(557): Magento\Framework\View\Layout->_renderContainer('page.content', false)
#37 /var/www/html/vendor/magento/framework/View/Layout.php(510): Magento\Framework\View\Layout->renderNonCachedElement('page.content')
#38 /var/www/html/vendor/magento/framework/View/Layout.php(606): Magento\Framework\View\Layout->renderElement('page.content', false)
#39 /var/www/html/vendor/magento/framework/View/Layout.php(557): Magento\Framework\View\Layout->_renderContainer('page.wrapper', false)
#40 /var/www/html/vendor/magento/framework/View/Layout.php(510): Magento\Framework\View\Layout->renderNonCachedElement('page.wrapper')
#41 /var/www/html/vendor/magento/framework/View/Layout.php(606): Magento\Framework\View\Layout->renderElement('page.wrapper', false)
#42 /var/www/html/vendor/magento/framework/View/Layout.php(557): Magento\Framework\View\Layout->_renderContainer('backend.page', false)
#43 /var/www/html/vendor/magento/framework/View/Layout.php(510): Magento\Framework\View\Layout->renderNonCachedElement('backend.page')
#44 /var/www/html/vendor/magento/framework/View/Layout.php(606): Magento\Framework\View\Layout->renderElement('backend.page', false)
#45 /var/www/html/vendor/magento/framework/View/Layout.php(557): Magento\Framework\View\Layout->_renderContainer('root', false)
#46 /var/www/html/vendor/magento/framework/View/Layout.php(510): Magento\Framework\View\Layout->renderNonCachedElement('root')
#47 /var/www/html/vendor/magento/framework/View/Layout.php(975): Magento\Framework\View\Layout->renderElement('root')
#48 /var/www/html/generated/code/Magento/Framework/View/Layout/Interceptor.php(41): Magento\Framework\View\Layout->getOutput()
#49 /var/www/html/vendor/magento/framework/View/Result/Page.php(260): Magento\Framework\View\Layout\Interceptor->getOutput()
#50 /var/www/html/vendor/magento/framework/View/Result/Layout.php(171): Magento\Framework\View\Result\Page->render(Object(Magento\Framework\App\Response\Http\Interceptor))
#51 /var/www/html/generated/code/Magento/Backend/Model/View/Result/Page/Interceptor.php(32): Magento\Framework\View\Result\Layout->renderResult(Object(Magento\Framework\App\Response\Http\Interceptor))
#52 /var/www/html/vendor/magento/framework/App/Http.php(120): Magento\Backend\Model\View\Result\Page\Interceptor->renderResult(Object(Magento\Framework\App\Response\Http\Interceptor))
#53 /var/www/html/vendor/magento/framework/Interception/Interceptor.php(58): Magento\Framework\App\Http->launch()
#54 /var/www/html/vendor/magento/framework/Interception/Interceptor.php(138): Magento\Framework\App\Http\Interceptor->___callParent('launch', Array)
#55 /var/www/html/vendor/magento/module-application-performance-monitor/Plugin/ApplicationPerformanceMonitor.php(38): Magento\Framework\App\Http\Interceptor->Magento\Framework\Interception\{closure}()
#56 /var/www/html/vendor/magento/framework/Interception/Interceptor.php(135): Magento\ApplicationPerformanceMonitor\Plugin\ApplicationPerformanceMonitor->aroundLaunch(Object(Magento\Framework\App\Http\Interceptor), Object(Closure))
#57 /var/www/html/vendor/magento/framework/Interception/Interceptor.php(153): Magento\Framework\App\Http\Interceptor->Magento\Framework\Interception\{closure}()
#58 /var/www/html/generated/code/Magento/Framework/App/Http/Interceptor.php(23): Magento\Framework\App\Http\Interceptor->___callPlugins('launch', Array, NULL)
#59 /var/www/html/vendor/magento/framework/App/Bootstrap.php(264): Magento\Framework\App\Http\Interceptor->launch()
#60 /var/www/html/pub/index.php(30): Magento\Framework\App\Bootstrap->run(Object(Magento\Framework\App\Http\Interceptor))
#61 {main} {"exception":"[object] (Exception(code: 0): Item (Magento\\Customer\\Ui\\Component\\DataProvider\\Document) with the same ID \"10\" already exists. at /var/www/html/vendor/magento/framework/Data/Collection.php:414)"} []
[2025-02-10T16:15:09.353608+00:00] main.CRITICAL: PDOException: SQLSTATE[42S22]: Column not found: 1054 Unknown column 'main_table.terms_accepted' in 'WHERE' in /var/www/html/vendor/magento/framework/DB/Statement/Pdo/Mysql.php:90
Stack trace:
#0 /var/www/html/vendor/magento/framework/DB/Statement/Pdo/Mysql.php(90): PDOStatement->execute()
#1 /var/www/html/vendor/magento/framework/DB/Statement/Pdo/Mysql.php(106): Magento\Framework\DB\Statement\Pdo\Mysql->Magento\Framework\DB\Statement\Pdo\{closure}()
#2 /var/www/html/vendor/magento/framework/DB/Statement/Pdo/Mysql.php(89): Magento\Framework\DB\Statement\Pdo\Mysql->tryExecute(Object(Closure))
#3 /var/www/html/vendor/magento/zend-db/library/Zend/Db/Statement.php(313): Magento\Framework\DB\Statement\Pdo\Mysql->_execute(Array)
#4 /var/www/html/vendor/magento/zend-db/library/Zend/Db/Adapter/Abstract.php(480): Zend_Db_Statement->execute(Array)
#5 /var/www/html/vendor/magento/zend-db/library/Zend/Db/Adapter/Pdo/Abstract.php(242): Zend_Db_Adapter_Abstract->query('SELECT `main_ta...', Array)
#6 /var/www/html/vendor/magento/framework/DB/Adapter/Pdo/Mysql.php(614): Zend_Db_Adapter_Pdo_Abstract->query('SELECT `main_ta...', Array)
#7 /var/www/html/vendor/magento/framework/DB/Adapter/Pdo/Mysql.php(639): Magento\Framework\DB\Adapter\Pdo\Mysql->Magento\Framework\DB\Adapter\Pdo\{closure}()
#8 /var/www/html/vendor/magento/framework/DB/Adapter/Pdo/Mysql.php(614): Magento\Framework\DB\Adapter\Pdo\Mysql->performQuery(Object(Closure))
#9 /var/www/html/vendor/magento/framework/DB/Adapter/Pdo/Mysql.php(703): Magento\Framework\DB\Adapter\Pdo\Mysql->_query('SELECT `main_ta...', Array)
#10 /var/www/html/vendor/magento/zend-db/library/Zend/Db/Adapter/Abstract.php(737): Magento\Framework\DB\Adapter\Pdo\Mysql->query(Object(Magento\Framework\DB\Select), Array)
#11 /var/www/html/vendor/magento/framework/Data/Collection/Db/FetchStrategy/Query.php(21): Zend_Db_Adapter_Abstract->fetchAll(Object(Magento\Framework\DB\Select), Array)
#12 /var/www/html/vendor/magento/framework/Data/Collection/AbstractDb.php(1011): Magento\Framework\Data\Collection\Db\FetchStrategy\Query->fetchAll(Object(Magento\Framework\DB\Select), Array)
#13 /var/www/html/vendor/magento/framework/Data/Collection/AbstractDb.php(900): Magento\Framework\Data\Collection\AbstractDb->_fetchAll(Object(Magento\Framework\DB\Select))
#14 /var/www/html/vendor/magento/framework/Data/Collection/AbstractDb.php(793): Magento\Framework\Data\Collection\AbstractDb->getData()
#15 /var/www/html/vendor/magento/framework/Data/Collection/AbstractDb.php(777): Magento\Framework\Data\Collection\AbstractDb->loadWithFilter(false, false)
#16 /var/www/html/vendor/magento/framework/Interception/Interceptor.php(58): Magento\Framework\Data\Collection\AbstractDb->load()
#17 /var/www/html/vendor/magento/framework/Interception/Interceptor.php(138): Magento\Customer\Model\ResourceModel\Grid\Collection\Interceptor->___callParent('load', Array)
#18 /var/www/html/vendor/magento/framework/Interception/Interceptor.php(153): Magento\Customer\Model\ResourceModel\Grid\Collection\Interceptor->Magento\Framework\Interception\{closure}()
#19 /var/www/html/generated/code/Magento/Customer/Model/ResourceModel/Grid/Collection/Interceptor.php(32): Magento\Customer\Model\ResourceModel\Grid\Collection\Interceptor->___callPlugins('load', Array, Array)
#20 /var/www/html/vendor/magento/framework/Data/Collection.php(340): Magento\Customer\Model\ResourceModel\Grid\Collection\Interceptor->load()
#21 /var/www/html/vendor/magento/framework/View/Element/UiComponent/DataProvider/DataProvider.php(252): Magento\Framework\Data\Collection->getItems()
#22 /var/www/html/vendor/magento/framework/View/Element/UiComponent/DataProvider/DataProvider.php(286): Magento\Framework\View\Element\UiComponent\DataProvider\DataProvider->searchResultToOutput(Object(Magento\Customer\Model\ResourceModel\Grid\Collection\Interceptor))
#23 /var/www/html/vendor/magento/module-customer/Ui/Component/DataProvider.php(66): Magento\Framework\View\Element\UiComponent\DataProvider\DataProvider->getData()
#24 /var/www/html/vendor/magento/module-ui/Component/Listing.php(38): Magento\Customer\Ui\Component\DataProvider->getData()
#25 /var/www/html/vendor/magento/framework/View/Element/UiComponent/Context.php(250): Magento\Ui\Component\Listing->getDataSourceData()
#26 /var/www/html/vendor/magento/framework/View/Element/UiComponent/ContentType/Json.php(69): Magento\Framework\View\Element\UiComponent\Context->getDataSourceData(Object(Magento\Ui\Component\Listing))
#27 /var/www/html/vendor/magento/module-ui/Component/AbstractComponent.php(158): Magento\Framework\View\Element\UiComponent\ContentType\Json->render(Object(Magento\Ui\Component\Listing), 'templates/listi...')
#28 /var/www/html/vendor/magento/module-ui/Controller/Adminhtml/Index/Render.php(91): Magento\Ui\Component\AbstractComponent->render()
#29 /var/www/html/vendor/magento/framework/Interception/Interceptor.php(58): Magento\Ui\Controller\Adminhtml\Index\Render->execute()
#30 /var/www/html/vendor/magento/framework/Interception/Interceptor.php(138): Magento\Ui\Controller\Adminhtml\Index\Render\Interceptor->___callParent('execute', Array)
#31 /var/www/html/vendor/magento/framework/Interception/Interceptor.php(153): Magento\Ui\Controller\Adminhtml\Index\Render\Interceptor->Magento\Framework\Interception\{closure}()
#32 /var/www/html/generated/code/Magento/Ui/Controller/Adminhtml/Index/Render/Interceptor.php(23): Magento\Ui\Controller\Adminhtml\Index\Render\Interceptor->___callPlugins('execute', Array, Array)
#33 /var/www/html/vendor/magento/framework/App/Action/Action.php(111): Magento\Ui\Controller\Adminhtml\Index\Render\Interceptor->execute()
#34 /var/www/html/vendor/magento/module-backend/App/AbstractAction.php(151): Magento\Framework\App\Action\Action->dispatch(Object(Magento\Framework\App\Request\Http))
#35 /var/www/html/vendor/magento/framework/Interception/Interceptor.php(58): Magento\Backend\App\AbstractAction->dispatch(Object(Magento\Framework\App\Request\Http))
#36 /var/www/html/vendor/magento/framework/Interception/Interceptor.php(138): Magento\Ui\Controller\Adminhtml\Index\Render\Interceptor->___callParent('dispatch', Array)
#37 /var/www/html/vendor/magento/module-backend/App/Action/Plugin/Authentication.php(145): Magento\Ui\Controller\Adminhtml\Index\Render\Interceptor->Magento\Framework\Interception\{closure}(Object(Magento\Framework\App\Request\Http))
#38 /var/www/html/vendor/magento/framework/Interception/Interceptor.php(135): Magento\Backend\App\Action\Plugin\Authentication->aroundDispatch(Object(Magento\Ui\Controller\Adminhtml\Index\Render\Interceptor), Object(Closure), Object(Magento\Framework\App\Request\Http))
#39 /var/www/html/vendor/magento/framework/Interception/Interceptor.php(153): Magento\Ui\Controller\Adminhtml\Index\Render\Interceptor->Magento\Framework\Interception\{closure}(Object(Magento\Framework\App\Request\Http))
#40 /var/www/html/generated/code/Magento/Ui/Controller/Adminhtml/Index/Render/Interceptor.php(32): Magento\Ui\Controller\Adminhtml\Index\Render\Interceptor->___callPlugins('dispatch', Array, Array)
#41 /var/www/html/vendor/magento/framework/App/FrontController.php(245): Magento\Ui\Controller\Adminhtml\Index\Render\Interceptor->dispatch(Object(Magento\Framework\App\Request\Http))
#42 /var/www/html/vendor/magento/framework/App/FrontController.php(212): Magento\Framework\App\FrontController->getActionResponse(Object(Magento\Ui\Controller\Adminhtml\Index\Render\Interceptor), Object(Magento\Framework\App\Request\Http))
#43 /var/www/html/vendor/magento/framework/App/FrontController.php(146): Magento\Framework\App\FrontController->processRequest(Object(Magento\Framework\App\Request\Http), Object(Magento\Ui\Controller\Adminhtml\Index\Render\Interceptor))
#44 /var/www/html/vendor/magento/framework/Interception/Interceptor.php(58): Magento\Framework\App\FrontController->dispatch(Object(Magento\Framework\App\Request\Http))
#45 /var/www/html/vendor/magento/framework/Interception/Interceptor.php(138): Magento\Framework\App\FrontController\Interceptor->___callParent('dispatch', Array)
#46 /var/www/html/vendor/magento/framework/Interception/Interceptor.php(153): Magento\Framework\App\FrontController\Interceptor->Magento\Framework\Interception\{closure}(Object(Magento\Framework\App\Request\Http))
#47 /var/www/html/generated/code/Magento/Framework/App/FrontController/Interceptor.php(23): Magento\Framework\App\FrontController\Interceptor->___callPlugins('dispatch', Array, Array)
#48 /var/www/html/vendor/magento/framework/App/Http.php(116): Magento\Framework\App\FrontController\Interceptor->dispatch(Object(Magento\Framework\App\Request\Http))
#49 /var/www/html/vendor/magento/framework/Interception/Interceptor.php(58): Magento\Framework\App\Http->launch()
#50 /var/www/html/vendor/magento/framework/Interception/Interceptor.php(138): Magento\Framework\App\Http\Interceptor->___callParent('launch', Array)
#51 /var/www/html/vendor/magento/module-application-performance-monitor/Plugin/ApplicationPerformanceMonitor.php(38): Magento\Framework\App\Http\Interceptor->Magento\Framework\Interception\{closure}()
#52 /var/www/html/vendor/magento/framework/Interception/Interceptor.php(135): Magento\ApplicationPerformanceMonitor\Plugin\ApplicationPerformanceMonitor->aroundLaunch(Object(Magento\Framework\App\Http\Interceptor), Object(Closure))
#53 /var/www/html/vendor/magento/framework/Interception/Interceptor.php(153): Magento\Framework\App\Http\Interceptor->Magento\Framework\Interception\{closure}()
#54 /var/www/html/generated/code/Magento/Framework/App/Http/Interceptor.php(23): Magento\Framework\App\Http\Interceptor->___callPlugins('launch', Array, NULL)
#55 /var/www/html/vendor/magento/framework/App/Bootstrap.php(264): Magento\Framework\App\Http\Interceptor->launch()
#56 /var/www/html/pub/index.php(30): Magento\Framework\App\Bootstrap->run(Object(Magento\Framework\App\Http\Interceptor))
#57 {main}

Next Zend_Db_Statement_Exception: SQLSTATE[42S22]: Column not found: 1054 Unknown column 'main_table.terms_accepted' in 'WHERE', query was: SELECT `main_table`.*, IFNULL(`rnt`.`name`, IFNULL(`rct`.`default_name`, `main_table`.`billing_region`)) AS `billing_region`, IF(terms.accepted_at IS NOT NULL, 'Sim', 'N達o') AS `terms_accepted` FROM `customer_grid_flat` AS `main_table`
 LEFT JOIN `directory_country_region` AS `rct` ON rct.region_id=`main_table`.`billing_region_id`
 LEFT JOIN `directory_country_region_name` AS `rnt` ON rnt.region_id=`main_table`.`billing_region_id` AND rnt.locale='en_US'
 LEFT JOIN (SELECT customer_id, MAX(accepted_at) as accepted_at FROM company_terms_acceptance GROUP BY customer_id) AS `terms` ON terms.customer_id = main_table.entity_id WHERE  (((`main_table`.`terms_accepted` = 'Sim'))) ORDER BY main_table.entity_id ASC
 LIMIT 20 in /var/www/html/vendor/magento/framework/DB/Statement/Pdo/Mysql.php:109
Stack trace:
#0 /var/www/html/vendor/magento/framework/DB/Statement/Pdo/Mysql.php(89): Magento\Framework\DB\Statement\Pdo\Mysql->tryExecute(Object(Closure))
#1 /var/www/html/vendor/magento/zend-db/library/Zend/Db/Statement.php(313): Magento\Framework\DB\Statement\Pdo\Mysql->_execute(Array)
#2 /var/www/html/vendor/magento/zend-db/library/Zend/Db/Adapter/Abstract.php(480): Zend_Db_Statement->execute(Array)
#3 /var/www/html/vendor/magento/zend-db/library/Zend/Db/Adapter/Pdo/Abstract.php(242): Zend_Db_Adapter_Abstract->query('SELECT `main_ta...', Array)
#4 /var/www/html/vendor/magento/framework/DB/Adapter/Pdo/Mysql.php(614): Zend_Db_Adapter_Pdo_Abstract->query('SELECT `main_ta...', Array)
#5 /var/www/html/vendor/magento/framework/DB/Adapter/Pdo/Mysql.php(639): Magento\Framework\DB\Adapter\Pdo\Mysql->Magento\Framework\DB\Adapter\Pdo\{closure}()
#6 /var/www/html/vendor/magento/framework/DB/Adapter/Pdo/Mysql.php(614): Magento\Framework\DB\Adapter\Pdo\Mysql->performQuery(Object(Closure))
#7 /var/www/html/vendor/magento/framework/DB/Adapter/Pdo/Mysql.php(703): Magento\Framework\DB\Adapter\Pdo\Mysql->_query('SELECT `main_ta...', Array)
#8 /var/www/html/vendor/magento/zend-db/library/Zend/Db/Adapter/Abstract.php(737): Magento\Framework\DB\Adapter\Pdo\Mysql->query(Object(Magento\Framework\DB\Select), Array)
#9 /var/www/html/vendor/magento/framework/Data/Collection/Db/FetchStrategy/Query.php(21): Zend_Db_Adapter_Abstract->fetchAll(Object(Magento\Framework\DB\Select), Array)
#10 /var/www/html/vendor/magento/framework/Data/Collection/AbstractDb.php(1011): Magento\Framework\Data\Collection\Db\FetchStrategy\Query->fetchAll(Object(Magento\Framework\DB\Select), Array)
#11 /var/www/html/vendor/magento/framework/Data/Collection/AbstractDb.php(900): Magento\Framework\Data\Collection\AbstractDb->_fetchAll(Object(Magento\Framework\DB\Select))
#12 /var/www/html/vendor/magento/framework/Data/Collection/AbstractDb.php(793): Magento\Framework\Data\Collection\AbstractDb->getData()
#13 /var/www/html/vendor/magento/framework/Data/Collection/AbstractDb.php(777): Magento\Framework\Data\Collection\AbstractDb->loadWithFilter(false, false)
#14 /var/www/html/vendor/magento/framework/Interception/Interceptor.php(58): Magento\Framework\Data\Collection\AbstractDb->load()
#15 /var/www/html/vendor/magento/framework/Interception/Interceptor.php(138): Magento\Customer\Model\ResourceModel\Grid\Collection\Interceptor->___callParent('load', Array)
#16 /var/www/html/vendor/magento/framework/Interception/Interceptor.php(153): Magento\Customer\Model\ResourceModel\Grid\Collection\Interceptor->Magento\Framework\Interception\{closure}()
#17 /var/www/html/generated/code/Magento/Customer/Model/ResourceModel/Grid/Collection/Interceptor.php(32): Magento\Customer\Model\ResourceModel\Grid\Collection\Interceptor->___callPlugins('load', Array, Array)
#18 /var/www/html/vendor/magento/framework/Data/Collection.php(340): Magento\Customer\Model\ResourceModel\Grid\Collection\Interceptor->load()
#19 /var/www/html/vendor/magento/framework/View/Element/UiComponent/DataProvider/DataProvider.php(252): Magento\Framework\Data\Collection->getItems()
#20 /var/www/html/vendor/magento/framework/View/Element/UiComponent/DataProvider/DataProvider.php(286): Magento\Framework\View\Element\UiComponent\DataProvider\DataProvider->searchResultToOutput(Object(Magento\Customer\Model\ResourceModel\Grid\Collection\Interceptor))
#21 /var/www/html/vendor/magento/module-customer/Ui/Component/DataProvider.php(66): Magento\Framework\View\Element\UiComponent\DataProvider\DataProvider->getData()
#22 /var/www/html/vendor/magento/module-ui/Component/Listing.php(38): Magento\Customer\Ui\Component\DataProvider->getData()
#23 /var/www/html/vendor/magento/framework/View/Element/UiComponent/Context.php(250): Magento\Ui\Component\Listing->getDataSourceData()
#24 /var/www/html/vendor/magento/framework/View/Element/UiComponent/ContentType/Json.php(69): Magento\Framework\View\Element\UiComponent\Context->getDataSourceData(Object(Magento\Ui\Component\Listing))
#25 /var/www/html/vendor/magento/module-ui/Component/AbstractComponent.php(158): Magento\Framework\View\Element\UiComponent\ContentType\Json->render(Object(Magento\Ui\Component\Listing), 'templates/listi...')
#26 /var/www/html/vendor/magento/module-ui/Controller/Adminhtml/Index/Render.php(91): Magento\Ui\Component\AbstractComponent->render()
#27 /var/www/html/vendor/magento/framework/Interception/Interceptor.php(58): Magento\Ui\Controller\Adminhtml\Index\Render->execute()
#28 /var/www/html/vendor/magento/framework/Interception/Interceptor.php(138): Magento\Ui\Controller\Adminhtml\Index\Render\Interceptor->___callParent('execute', Array)
#29 /var/www/html/vendor/magento/framework/Interception/Interceptor.php(153): Magento\Ui\Controller\Adminhtml\Index\Render\Interceptor->Magento\Framework\Interception\{closure}()
#30 /var/www/html/generated/code/Magento/Ui/Controller/Adminhtml/Index/Render/Interceptor.php(23): Magento\Ui\Controller\Adminhtml\Index\Render\Interceptor->___callPlugins('execute', Array, Array)
#31 /var/www/html/vendor/magento/framework/App/Action/Action.php(111): Magento\Ui\Controller\Adminhtml\Index\Render\Interceptor->execute()
#32 /var/www/html/vendor/magento/module-backend/App/AbstractAction.php(151): Magento\Framework\App\Action\Action->dispatch(Object(Magento\Framework\App\Request\Http))
#33 /var/www/html/vendor/magento/framework/Interception/Interceptor.php(58): Magento\Backend\App\AbstractAction->dispatch(Object(Magento\Framework\App\Request\Http))
#34 /var/www/html/vendor/magento/framework/Interception/Interceptor.php(138): Magento\Ui\Controller\Adminhtml\Index\Render\Interceptor->___callParent('dispatch', Array)
#35 /var/www/html/vendor/magento/module-backend/App/Action/Plugin/Authentication.php(145): Magento\Ui\Controller\Adminhtml\Index\Render\Interceptor->Magento\Framework\Interception\{closure}(Object(Magento\Framework\App\Request\Http))
#36 /var/www/html/vendor/magento/framework/Interception/Interceptor.php(135): Magento\Backend\App\Action\Plugin\Authentication->aroundDispatch(Object(Magento\Ui\Controller\Adminhtml\Index\Render\Interceptor), Object(Closure), Object(Magento\Framework\App\Request\Http))
#37 /var/www/html/vendor/magento/framework/Interception/Interceptor.php(153): Magento\Ui\Controller\Adminhtml\Index\Render\Interceptor->Magento\Framework\Interception\{closure}(Object(Magento\Framework\App\Request\Http))
#38 /var/www/html/generated/code/Magento/Ui/Controller/Adminhtml/Index/Render/Interceptor.php(32): Magento\Ui\Controller\Adminhtml\Index\Render\Interceptor->___callPlugins('dispatch', Array, Array)
#39 /var/www/html/vendor/magento/framework/App/FrontController.php(245): Magento\Ui\Controller\Adminhtml\Index\Render\Interceptor->dispatch(Object(Magento\Framework\App\Request\Http))
#40 /var/www/html/vendor/magento/framework/App/FrontController.php(212): Magento\Framework\App\FrontController->getActionResponse(Object(Magento\Ui\Controller\Adminhtml\Index\Render\Interceptor), Object(Magento\Framework\App\Request\Http))
#41 /var/www/html/vendor/magento/framework/App/FrontController.php(146): Magento\Framework\App\FrontController->processRequest(Object(Magento\Framework\App\Request\Http), Object(Magento\Ui\Controller\Adminhtml\Index\Render\Interceptor))
#42 /var/www/html/vendor/magento/framework/Interception/Interceptor.php(58): Magento\Framework\App\FrontController->dispatch(Object(Magento\Framework\App\Request\Http))
#43 /var/www/html/vendor/magento/framework/Interception/Interceptor.php(138): Magento\Framework\App\FrontController\Interceptor->___callParent('dispatch', Array)
#44 /var/www/html/vendor/magento/framework/Interception/Interceptor.php(153): Magento\Framework\App\FrontController\Interceptor->Magento\Framework\Interception\{closure}(Object(Magento\Framework\App\Request\Http))
#45 /var/www/html/generated/code/Magento/Framework/App/FrontController/Interceptor.php(23): Magento\Framework\App\FrontController\Interceptor->___callPlugins('dispatch', Array, Array)
#46 /var/www/html/vendor/magento/framework/App/Http.php(116): Magento\Framework\App\FrontController\Interceptor->dispatch(Object(Magento\Framework\App\Request\Http))
#47 /var/www/html/vendor/magento/framework/Interception/Interceptor.php(58): Magento\Framework\App\Http->launch()
#48 /var/www/html/vendor/magento/framework/Interception/Interceptor.php(138): Magento\Framework\App\Http\Interceptor->___callParent('launch', Array)
#49 /var/www/html/vendor/magento/module-application-performance-monitor/Plugin/ApplicationPerformanceMonitor.php(38): Magento\Framework\App\Http\Interceptor->Magento\Framework\Interception\{closure}()
#50 /var/www/html/vendor/magento/framework/Interception/Interceptor.php(135): Magento\ApplicationPerformanceMonitor\Plugin\ApplicationPerformanceMonitor->aroundLaunch(Object(Magento\Framework\App\Http\Interceptor), Object(Closure))
#51 /var/www/html/vendor/magento/framework/Interception/Interceptor.php(153): Magento\Framework\App\Http\Interceptor->Magento\Framework\Interception\{closure}()
#52 /var/www/html/generated/code/Magento/Framework/App/Http/Interceptor.php(23): Magento\Framework\App\Http\Interceptor->___callPlugins('launch', Array, NULL)
#53 /var/www/html/vendor/magento/framework/App/Bootstrap.php(264): Magento\Framework\App\Http\Interceptor->launch()
#54 /var/www/html/pub/index.php(30): Magento\Framework\App\Bootstrap->run(Object(Magento\Framework\App\Http\Interceptor))
#55 {main} {"exception":"[object] (Zend_Db_Statement_Exception(code: 42): SQLSTATE[42S22]: Column not found: 1054 Unknown column 'main_table.terms_accepted' in 'WHERE', query was: SELECT `main_table`.*, IFNULL(`rnt`.`name`, IFNULL(`rct`.`default_name`, `main_table`.`billing_region`)) AS `billing_region`, IF(terms.accepted_at IS NOT NULL, 'Sim', 'N達o') AS `terms_accepted` FROM `customer_grid_flat` AS `main_table`
 LEFT JOIN `directory_country_region` AS `rct` ON rct.region_id=`main_table`.`billing_region_id`
 LEFT JOIN `directory_country_region_name` AS `rnt` ON rnt.region_id=`main_table`.`billing_region_id` AND rnt.locale='en_US'
 LEFT JOIN (SELECT customer_id, MAX(accepted_at) as accepted_at FROM company_terms_acceptance GROUP BY customer_id) AS `terms` ON terms.customer_id = main_table.entity_id WHERE  (((`main_table`.`terms_accepted` = 'Sim'))) ORDER BY main_table.entity_id ASC
 LIMIT 20 at /var/www/html/vendor/magento/framework/DB/Statement/Pdo/Mysql.php:109)
[previous exception] [object] (PDOException(code: 42S22): SQLSTATE[42S22]: Column not found: 1054 Unknown column 'main_table.terms_accepted' in 'WHERE' at /var/www/html/vendor/magento/framework/DB/Statement/Pdo/Mysql.php:90)"} []
[2025-02-10T16:15:18.058137+00:00] main.CRITICAL: PDOException: SQLSTATE[42S22]: Column not found: 1054 Unknown column 'main_table.terms_accepted' in 'WHERE' in /var/www/html/vendor/magento/framework/DB/Statement/Pdo/Mysql.php:90
Stack trace:
#0 /var/www/html/vendor/magento/framework/DB/Statement/Pdo/Mysql.php(90): PDOStatement->execute()
#1 /var/www/html/vendor/magento/framework/DB/Statement/Pdo/Mysql.php(106): Magento\Framework\DB\Statement\Pdo\Mysql->Magento\Framework\DB\Statement\Pdo\{closure}()
#2 /var/www/html/vendor/magento/framework/DB/Statement/Pdo/Mysql.php(89): Magento\Framework\DB\Statement\Pdo\Mysql->tryExecute(Object(Closure))
#3 /var/www/html/vendor/magento/zend-db/library/Zend/Db/Statement.php(313): Magento\Framework\DB\Statement\Pdo\Mysql->_execute(Array)
#4 /var/www/html/vendor/magento/zend-db/library/Zend/Db/Adapter/Abstract.php(480): Zend_Db_Statement->execute(Array)
#5 /var/www/html/vendor/magento/zend-db/library/Zend/Db/Adapter/Pdo/Abstract.php(242): Zend_Db_Adapter_Abstract->query('SELECT `main_ta...', Array)
#6 /var/www/html/vendor/magento/framework/DB/Adapter/Pdo/Mysql.php(614): Zend_Db_Adapter_Pdo_Abstract->query('SELECT `main_ta...', Array)
#7 /var/www/html/vendor/magento/framework/DB/Adapter/Pdo/Mysql.php(639): Magento\Framework\DB\Adapter\Pdo\Mysql->Magento\Framework\DB\Adapter\Pdo\{closure}()
#8 /var/www/html/vendor/magento/framework/DB/Adapter/Pdo/Mysql.php(614): Magento\Framework\DB\Adapter\Pdo\Mysql->performQuery(Object(Closure))
#9 /var/www/html/vendor/magento/framework/DB/Adapter/Pdo/Mysql.php(703): Magento\Framework\DB\Adapter\Pdo\Mysql->_query('SELECT `main_ta...', Array)
#10 /var/www/html/vendor/magento/zend-db/library/Zend/Db/Adapter/Abstract.php(737): Magento\Framework\DB\Adapter\Pdo\Mysql->query(Object(Magento\Framework\DB\Select), Array)
#11 /var/www/html/vendor/magento/framework/Data/Collection/Db/FetchStrategy/Query.php(21): Zend_Db_Adapter_Abstract->fetchAll(Object(Magento\Framework\DB\Select), Array)
#12 /var/www/html/vendor/magento/framework/Data/Collection/AbstractDb.php(1011): Magento\Framework\Data\Collection\Db\FetchStrategy\Query->fetchAll(Object(Magento\Framework\DB\Select), Array)
#13 /var/www/html/vendor/magento/framework/Data/Collection/AbstractDb.php(900): Magento\Framework\Data\Collection\AbstractDb->_fetchAll(Object(Magento\Framework\DB\Select))
#14 /var/www/html/vendor/magento/framework/Data/Collection/AbstractDb.php(793): Magento\Framework\Data\Collection\AbstractDb->getData()
#15 /var/www/html/vendor/magento/framework/Data/Collection/AbstractDb.php(777): Magento\Framework\Data\Collection\AbstractDb->loadWithFilter(false, false)
#16 /var/www/html/vendor/magento/framework/Interception/Interceptor.php(58): Magento\Framework\Data\Collection\AbstractDb->load()
#17 /var/www/html/vendor/magento/framework/Interception/Interceptor.php(138): Magento\Customer\Model\ResourceModel\Grid\Collection\Interceptor->___callParent('load', Array)
#18 /var/www/html/vendor/magento/framework/Interception/Interceptor.php(153): Magento\Customer\Model\ResourceModel\Grid\Collection\Interceptor->Magento\Framework\Interception\{closure}()
#19 /var/www/html/generated/code/Magento/Customer/Model/ResourceModel/Grid/Collection/Interceptor.php(32): Magento\Customer\Model\ResourceModel\Grid\Collection\Interceptor->___callPlugins('load', Array, Array)
#20 /var/www/html/vendor/magento/framework/Data/Collection.php(340): Magento\Customer\Model\ResourceModel\Grid\Collection\Interceptor->load()
#21 /var/www/html/vendor/magento/framework/View/Element/UiComponent/DataProvider/DataProvider.php(252): Magento\Framework\Data\Collection->getItems()
#22 /var/www/html/vendor/magento/framework/View/Element/UiComponent/DataProvider/DataProvider.php(286): Magento\Framework\View\Element\UiComponent\DataProvider\DataProvider->searchResultToOutput(Object(Magento\Customer\Model\ResourceModel\Grid\Collection\Interceptor))
#23 /var/www/html/vendor/magento/module-customer/Ui/Component/DataProvider.php(66): Magento\Framework\View\Element\UiComponent\DataProvider\DataProvider->getData()
#24 /var/www/html/vendor/magento/module-ui/Component/Listing.php(38): Magento\Customer\Ui\Component\DataProvider->getData()
#25 /var/www/html/vendor/magento/framework/View/Element/UiComponent/Context.php(250): Magento\Ui\Component\Listing->getDataSourceData()
#26 /var/www/html/vendor/magento/framework/View/Element/UiComponent/ContentType/Json.php(69): Magento\Framework\View\Element\UiComponent\Context->getDataSourceData(Object(Magento\Ui\Component\Listing))
#27 /var/www/html/vendor/magento/module-ui/Component/AbstractComponent.php(158): Magento\Framework\View\Element\UiComponent\ContentType\Json->render(Object(Magento\Ui\Component\Listing), 'templates/listi...')
#28 /var/www/html/vendor/magento/module-ui/Controller/Adminhtml/Index/Render.php(91): Magento\Ui\Component\AbstractComponent->render()
#29 /var/www/html/vendor/magento/framework/Interception/Interceptor.php(58): Magento\Ui\Controller\Adminhtml\Index\Render->execute()
#30 /var/www/html/vendor/magento/framework/Interception/Interceptor.php(138): Magento\Ui\Controller\Adminhtml\Index\Render\Interceptor->___callParent('execute', Array)
#31 /var/www/html/vendor/magento/framework/Interception/Interceptor.php(153): Magento\Ui\Controller\Adminhtml\Index\Render\Interceptor->Magento\Framework\Interception\{closure}()
#32 /var/www/html/generated/code/Magento/Ui/Controller/Adminhtml/Index/Render/Interceptor.php(23): Magento\Ui\Controller\Adminhtml\Index\Render\Interceptor->___callPlugins('execute', Array, Array)
#33 /var/www/html/vendor/magento/framework/App/Action/Action.php(111): Magento\Ui\Controller\Adminhtml\Index\Render\Interceptor->execute()
#34 /var/www/html/vendor/magento/module-backend/App/AbstractAction.php(151): Magento\Framework\App\Action\Action->dispatch(Object(Magento\Framework\App\Request\Http))
#35 /var/www/html/vendor/magento/framework/Interception/Interceptor.php(58): Magento\Backend\App\AbstractAction->dispatch(Object(Magento\Framework\App\Request\Http))
#36 /var/www/html/vendor/magento/framework/Interception/Interceptor.php(138): Magento\Ui\Controller\Adminhtml\Index\Render\Interceptor->___callParent('dispatch', Array)
#37 /var/www/html/vendor/magento/module-backend/App/Action/Plugin/Authentication.php(145): Magento\Ui\Controller\Adminhtml\Index\Render\Interceptor->Magento\Framework\Interception\{closure}(Object(Magento\Framework\App\Request\Http))
#38 /var/www/html/vendor/magento/framework/Interception/Interceptor.php(135): Magento\Backend\App\Action\Plugin\Authentication->aroundDispatch(Object(Magento\Ui\Controller\Adminhtml\Index\Render\Interceptor), Object(Closure), Object(Magento\Framework\App\Request\Http))
#39 /var/www/html/vendor/magento/framework/Interception/Interceptor.php(153): Magento\Ui\Controller\Adminhtml\Index\Render\Interceptor->Magento\Framework\Interception\{closure}(Object(Magento\Framework\App\Request\Http))
#40 /var/www/html/generated/code/Magento/Ui/Controller/Adminhtml/Index/Render/Interceptor.php(32): Magento\Ui\Controller\Adminhtml\Index\Render\Interceptor->___callPlugins('dispatch', Array, Array)
#41 /var/www/html/vendor/magento/framework/App/FrontController.php(245): Magento\Ui\Controller\Adminhtml\Index\Render\Interceptor->dispatch(Object(Magento\Framework\App\Request\Http))
#42 /var/www/html/vendor/magento/framework/App/FrontController.php(212): Magento\Framework\App\FrontController->getActionResponse(Object(Magento\Ui\Controller\Adminhtml\Index\Render\Interceptor), Object(Magento\Framework\App\Request\Http))
#43 /var/www/html/vendor/magento/framework/App/FrontController.php(146): Magento\Framework\App\FrontController->processRequest(Object(Magento\Framework\App\Request\Http), Object(Magento\Ui\Controller\Adminhtml\Index\Render\Interceptor))
#44 /var/www/html/vendor/magento/framework/Interception/Interceptor.php(58): Magento\Framework\App\FrontController->dispatch(Object(Magento\Framework\App\Request\Http))
#45 /var/www/html/vendor/magento/framework/Interception/Interceptor.php(138): Magento\Framework\App\FrontController\Interceptor->___callParent('dispatch', Array)
#46 /var/www/html/vendor/magento/framework/Interception/Interceptor.php(153): Magento\Framework\App\FrontController\Interceptor->Magento\Framework\Interception\{closure}(Object(Magento\Framework\App\Request\Http))
#47 /var/www/html/generated/code/Magento/Framework/App/FrontController/Interceptor.php(23): Magento\Framework\App\FrontController\Interceptor->___callPlugins('dispatch', Array, Array)
#48 /var/www/html/vendor/magento/framework/App/Http.php(116): Magento\Framework\App\FrontController\Interceptor->dispatch(Object(Magento\Framework\App\Request\Http))
#49 /var/www/html/vendor/magento/framework/Interception/Interceptor.php(58): Magento\Framework\App\Http->launch()
#50 /var/www/html/vendor/magento/framework/Interception/Interceptor.php(138): Magento\Framework\App\Http\Interceptor->___callParent('launch', Array)
#51 /var/www/html/vendor/magento/module-application-performance-monitor/Plugin/ApplicationPerformanceMonitor.php(38): Magento\Framework\App\Http\Interceptor->Magento\Framework\Interception\{closure}()
#52 /var/www/html/vendor/magento/framework/Interception/Interceptor.php(135): Magento\ApplicationPerformanceMonitor\Plugin\ApplicationPerformanceMonitor->aroundLaunch(Object(Magento\Framework\App\Http\Interceptor), Object(Closure))
#53 /var/www/html/vendor/magento/framework/Interception/Interceptor.php(153): Magento\Framework\App\Http\Interceptor->Magento\Framework\Interception\{closure}()
#54 /var/www/html/generated/code/Magento/Framework/App/Http/Interceptor.php(23): Magento\Framework\App\Http\Interceptor->___callPlugins('launch', Array, NULL)
#55 /var/www/html/vendor/magento/framework/App/Bootstrap.php(264): Magento\Framework\App\Http\Interceptor->launch()
#56 /var/www/html/pub/index.php(30): Magento\Framework\App\Bootstrap->run(Object(Magento\Framework\App\Http\Interceptor))
#57 {main}

Next Zend_Db_Statement_Exception: SQLSTATE[42S22]: Column not found: 1054 Unknown column 'main_table.terms_accepted' in 'WHERE', query was: SELECT `main_table`.*, IFNULL(`rnt`.`name`, IFNULL(`rct`.`default_name`, `main_table`.`billing_region`)) AS `billing_region`, IF(terms.accepted_at IS NOT NULL, 'Sim', 'N達o') AS `terms_accepted` FROM `customer_grid_flat` AS `main_table`
 LEFT JOIN `directory_country_region` AS `rct` ON rct.region_id=`main_table`.`billing_region_id`
 LEFT JOIN `directory_country_region_name` AS `rnt` ON rnt.region_id=`main_table`.`billing_region_id` AND rnt.locale='en_US'
 LEFT JOIN (SELECT customer_id, MAX(accepted_at) as accepted_at FROM company_terms_acceptance GROUP BY customer_id) AS `terms` ON terms.customer_id = main_table.entity_id WHERE  (((`main_table`.`terms_accepted` = 'N達o'))) ORDER BY main_table.entity_id ASC
 LIMIT 20 in /var/www/html/vendor/magento/framework/DB/Statement/Pdo/Mysql.php:109
Stack trace:
#0 /var/www/html/vendor/magento/framework/DB/Statement/Pdo/Mysql.php(89): Magento\Framework\DB\Statement\Pdo\Mysql->tryExecute(Object(Closure))
#1 /var/www/html/vendor/magento/zend-db/library/Zend/Db/Statement.php(313): Magento\Framework\DB\Statement\Pdo\Mysql->_execute(Array)
#2 /var/www/html/vendor/magento/zend-db/library/Zend/Db/Adapter/Abstract.php(480): Zend_Db_Statement->execute(Array)
#3 /var/www/html/vendor/magento/zend-db/library/Zend/Db/Adapter/Pdo/Abstract.php(242): Zend_Db_Adapter_Abstract->query('SELECT `main_ta...', Array)
#4 /var/www/html/vendor/magento/framework/DB/Adapter/Pdo/Mysql.php(614): Zend_Db_Adapter_Pdo_Abstract->query('SELECT `main_ta...', Array)
#5 /var/www/html/vendor/magento/framework/DB/Adapter/Pdo/Mysql.php(639): Magento\Framework\DB\Adapter\Pdo\Mysql->Magento\Framework\DB\Adapter\Pdo\{closure}()
#6 /var/www/html/vendor/magento/framework/DB/Adapter/Pdo/Mysql.php(614): Magento\Framework\DB\Adapter\Pdo\Mysql->performQuery(Object(Closure))
#7 /var/www/html/vendor/magento/framework/DB/Adapter/Pdo/Mysql.php(703): Magento\Framework\DB\Adapter\Pdo\Mysql->_query('SELECT `main_ta...', Array)
#8 /var/www/html/vendor/magento/zend-db/library/Zend/Db/Adapter/Abstract.php(737): Magento\Framework\DB\Adapter\Pdo\Mysql->query(Object(Magento\Framework\DB\Select), Array)
#9 /var/www/html/vendor/magento/framework/Data/Collection/Db/FetchStrategy/Query.php(21): Zend_Db_Adapter_Abstract->fetchAll(Object(Magento\Framework\DB\Select), Array)
#10 /var/www/html/vendor/magento/framework/Data/Collection/AbstractDb.php(1011): Magento\Framework\Data\Collection\Db\FetchStrategy\Query->fetchAll(Object(Magento\Framework\DB\Select), Array)
#11 /var/www/html/vendor/magento/framework/Data/Collection/AbstractDb.php(900): Magento\Framework\Data\Collection\AbstractDb->_fetchAll(Object(Magento\Framework\DB\Select))
#12 /var/www/html/vendor/magento/framework/Data/Collection/AbstractDb.php(793): Magento\Framework\Data\Collection\AbstractDb->getData()
#13 /var/www/html/vendor/magento/framework/Data/Collection/AbstractDb.php(777): Magento\Framework\Data\Collection\AbstractDb->loadWithFilter(false, false)
#14 /var/www/html/vendor/magento/framework/Interception/Interceptor.php(58): Magento\Framework\Data\Collection\AbstractDb->load()
#15 /var/www/html/vendor/magento/framework/Interception/Interceptor.php(138): Magento\Customer\Model\ResourceModel\Grid\Collection\Interceptor->___callParent('load', Array)
#16 /var/www/html/vendor/magento/framework/Interception/Interceptor.php(153): Magento\Customer\Model\ResourceModel\Grid\Collection\Interceptor->Magento\Framework\Interception\{closure}()
#17 /var/www/html/generated/code/Magento/Customer/Model/ResourceModel/Grid/Collection/Interceptor.php(32): Magento\Customer\Model\ResourceModel\Grid\Collection\Interceptor->___callPlugins('load', Array, Array)
#18 /var/www/html/vendor/magento/framework/Data/Collection.php(340): Magento\Customer\Model\ResourceModel\Grid\Collection\Interceptor->load()
#19 /var/www/html/vendor/magento/framework/View/Element/UiComponent/DataProvider/DataProvider.php(252): Magento\Framework\Data\Collection->getItems()
#20 /var/www/html/vendor/magento/framework/View/Element/UiComponent/DataProvider/DataProvider.php(286): Magento\Framework\View\Element\UiComponent\DataProvider\DataProvider->searchResultToOutput(Object(Magento\Customer\Model\ResourceModel\Grid\Collection\Interceptor))
#21 /var/www/html/vendor/magento/module-customer/Ui/Component/DataProvider.php(66): Magento\Framework\View\Element\UiComponent\DataProvider\DataProvider->getData()
#22 /var/www/html/vendor/magento/module-ui/Component/Listing.php(38): Magento\Customer\Ui\Component\DataProvider->getData()
#23 /var/www/html/vendor/magento/framework/View/Element/UiComponent/Context.php(250): Magento\Ui\Component\Listing->getDataSourceData()
#24 /var/www/html/vendor/magento/framework/View/Element/UiComponent/ContentType/Json.php(69): Magento\Framework\View\Element\UiComponent\Context->getDataSourceData(Object(Magento\Ui\Component\Listing))
#25 /var/www/html/vendor/magento/module-ui/Component/AbstractComponent.php(158): Magento\Framework\View\Element\UiComponent\ContentType\Json->render(Object(Magento\Ui\Component\Listing), 'templates/listi...')
#26 /var/www/html/vendor/magento/module-ui/Controller/Adminhtml/Index/Render.php(91): Magento\Ui\Component\AbstractComponent->render()
#27 /var/www/html/vendor/magento/framework/Interception/Interceptor.php(58): Magento\Ui\Controller\Adminhtml\Index\Render->execute()
#28 /var/www/html/vendor/magento/framework/Interception/Interceptor.php(138): Magento\Ui\Controller\Adminhtml\Index\Render\Interceptor->___callParent('execute', Array)
#29 /var/www/html/vendor/magento/framework/Interception/Interceptor.php(153): Magento\Ui\Controller\Adminhtml\Index\Render\Interceptor->Magento\Framework\Interception\{closure}()
#30 /var/www/html/generated/code/Magento/Ui/Controller/Adminhtml/Index/Render/Interceptor.php(23): Magento\Ui\Controller\Adminhtml\Index\Render\Interceptor->___callPlugins('execute', Array, Array)
#31 /var/www/html/vendor/magento/framework/App/Action/Action.php(111): Magento\Ui\Controller\Adminhtml\Index\Render\Interceptor->execute()
#32 /var/www/html/vendor/magento/module-backend/App/AbstractAction.php(151): Magento\Framework\App\Action\Action->dispatch(Object(Magento\Framework\App\Request\Http))
#33 /var/www/html/vendor/magento/framework/Interception/Interceptor.php(58): Magento\Backend\App\AbstractAction->dispatch(Object(Magento\Framework\App\Request\Http))
#34 /var/www/html/vendor/magento/framework/Interception/Interceptor.php(138): Magento\Ui\Controller\Adminhtml\Index\Render\Interceptor->___callParent('dispatch', Array)
#35 /var/www/html/vendor/magento/module-backend/App/Action/Plugin/Authentication.php(145): Magento\Ui\Controller\Adminhtml\Index\Render\Interceptor->Magento\Framework\Interception\{closure}(Object(Magento\Framework\App\Request\Http))
#36 /var/www/html/vendor/magento/framework/Interception/Interceptor.php(135): Magento\Backend\App\Action\Plugin\Authentication->aroundDispatch(Object(Magento\Ui\Controller\Adminhtml\Index\Render\Interceptor), Object(Closure), Object(Magento\Framework\App\Request\Http))
#37 /var/www/html/vendor/magento/framework/Interception/Interceptor.php(153): Magento\Ui\Controller\Adminhtml\Index\Render\Interceptor->Magento\Framework\Interception\{closure}(Object(Magento\Framework\App\Request\Http))
#38 /var/www/html/generated/code/Magento/Ui/Controller/Adminhtml/Index/Render/Interceptor.php(32): Magento\Ui\Controller\Adminhtml\Index\Render\Interceptor->___callPlugins('dispatch', Array, Array)
#39 /var/www/html/vendor/magento/framework/App/FrontController.php(245): Magento\Ui\Controller\Adminhtml\Index\Render\Interceptor->dispatch(Object(Magento\Framework\App\Request\Http))
#40 /var/www/html/vendor/magento/framework/App/FrontController.php(212): Magento\Framework\App\FrontController->getActionResponse(Object(Magento\Ui\Controller\Adminhtml\Index\Render\Interceptor), Object(Magento\Framework\App\Request\Http))
#41 /var/www/html/vendor/magento/framework/App/FrontController.php(146): Magento\Framework\App\FrontController->processRequest(Object(Magento\Framework\App\Request\Http), Object(Magento\Ui\Controller\Adminhtml\Index\Render\Interceptor))
#42 /var/www/html/vendor/magento/framework/Interception/Interceptor.php(58): Magento\Framework\App\FrontController->dispatch(Object(Magento\Framework\App\Request\Http))
#43 /var/www/html/vendor/magento/framework/Interception/Interceptor.php(138): Magento\Framework\App\FrontController\Interceptor->___callParent('dispatch', Array)
#44 /var/www/html/vendor/magento/framework/Interception/Interceptor.php(153): Magento\Framework\App\FrontController\Interceptor->Magento\Framework\Interception\{closure}(Object(Magento\Framework\App\Request\Http))
#45 /var/www/html/generated/code/Magento/Framework/App/FrontController/Interceptor.php(23): Magento\Framework\App\FrontController\Interceptor->___callPlugins('dispatch', Array, Array)
#46 /var/www/html/vendor/magento/framework/App/Http.php(116): Magento\Framework\App\FrontController\Interceptor->dispatch(Object(Magento\Framework\App\Request\Http))
#47 /var/www/html/vendor/magento/framework/Interception/Interceptor.php(58): Magento\Framework\App\Http->launch()
#48 /var/www/html/vendor/magento/framework/Interception/Interceptor.php(138): Magento\Framework\App\Http\Interceptor->___callParent('launch', Array)
#49 /var/www/html/vendor/magento/module-application-performance-monitor/Plugin/ApplicationPerformanceMonitor.php(38): Magento\Framework\App\Http\Interceptor->Magento\Framework\Interception\{closure}()
#50 /var/www/html/vendor/magento/framework/Interception/Interceptor.php(135): Magento\ApplicationPerformanceMonitor\Plugin\ApplicationPerformanceMonitor->aroundLaunch(Object(Magento\Framework\App\Http\Interceptor), Object(Closure))
#51 /var/www/html/vendor/magento/framework/Interception/Interceptor.php(153): Magento\Framework\App\Http\Interceptor->Magento\Framework\Interception\{closure}()
#52 /var/www/html/generated/code/Magento/Framework/App/Http/Interceptor.php(23): Magento\Framework\App\Http\Interceptor->___callPlugins('launch', Array, NULL)
#53 /var/www/html/vendor/magento/framework/App/Bootstrap.php(264): Magento\Framework\App\Http\Interceptor->launch()
#54 /var/www/html/pub/index.php(30): Magento\Framework\App\Bootstrap->run(Object(Magento\Framework\App\Http\Interceptor))
#55 {main} {"exception":"[object] (Zend_Db_Statement_Exception(code: 42): SQLSTATE[42S22]: Column not found: 1054 Unknown column 'main_table.terms_accepted' in 'WHERE', query was: SELECT `main_table`.*, IFNULL(`rnt`.`name`, IFNULL(`rct`.`default_name`, `main_table`.`billing_region`)) AS `billing_region`, IF(terms.accepted_at IS NOT NULL, 'Sim', 'N達o') AS `terms_accepted` FROM `customer_grid_flat` AS `main_table`
 LEFT JOIN `directory_country_region` AS `rct` ON rct.region_id=`main_table`.`billing_region_id`
 LEFT JOIN `directory_country_region_name` AS `rnt` ON rnt.region_id=`main_table`.`billing_region_id` AND rnt.locale='en_US'
 LEFT JOIN (SELECT customer_id, MAX(accepted_at) as accepted_at FROM company_terms_acceptance GROUP BY customer_id) AS `terms` ON terms.customer_id = main_table.entity_id WHERE  (((`main_table`.`terms_accepted` = 'N達o'))) ORDER BY main_table.entity_id ASC
 LIMIT 20 at /var/www/html/vendor/magento/framework/DB/Statement/Pdo/Mysql.php:109)
[previous exception] [object] (PDOException(code: 42S22): SQLSTATE[42S22]: Column not found: 1054 Unknown column 'main_table.terms_accepted' in 'WHERE' at /var/www/html/vendor/magento/framework/DB/Statement/Pdo/Mysql.php:90)"} []
[2025-02-10T17:55:12.326091+00:00] main.CRITICAL: PDOException: SQLSTATE[42S22]: Column not found: 1054 Unknown column 'main_table.terms_accepted' in 'WHERE' in /var/www/html/vendor/magento/framework/DB/Statement/Pdo/Mysql.php:90
Stack trace:
#0 /var/www/html/vendor/magento/framework/DB/Statement/Pdo/Mysql.php(90): PDOStatement->execute()
#1 /var/www/html/vendor/magento/framework/DB/Statement/Pdo/Mysql.php(106): Magento\Framework\DB\Statement\Pdo\Mysql->Magento\Framework\DB\Statement\Pdo\{closure}()
#2 /var/www/html/vendor/magento/framework/DB/Statement/Pdo/Mysql.php(89): Magento\Framework\DB\Statement\Pdo\Mysql->tryExecute(Object(Closure))
#3 /var/www/html/vendor/magento/zend-db/library/Zend/Db/Statement.php(313): Magento\Framework\DB\Statement\Pdo\Mysql->_execute(Array)
#4 /var/www/html/vendor/magento/zend-db/library/Zend/Db/Adapter/Abstract.php(480): Zend_Db_Statement->execute(Array)
#5 /var/www/html/vendor/magento/zend-db/library/Zend/Db/Adapter/Pdo/Abstract.php(242): Zend_Db_Adapter_Abstract->query('SELECT `main_ta...', Array)
#6 /var/www/html/vendor/magento/framework/DB/Adapter/Pdo/Mysql.php(614): Zend_Db_Adapter_Pdo_Abstract->query('SELECT `main_ta...', Array)
#7 /var/www/html/vendor/magento/framework/DB/Adapter/Pdo/Mysql.php(639): Magento\Framework\DB\Adapter\Pdo\Mysql->Magento\Framework\DB\Adapter\Pdo\{closure}()
#8 /var/www/html/vendor/magento/framework/DB/Adapter/Pdo/Mysql.php(614): Magento\Framework\DB\Adapter\Pdo\Mysql->performQuery(Object(Closure))
#9 /var/www/html/vendor/magento/framework/DB/Adapter/Pdo/Mysql.php(703): Magento\Framework\DB\Adapter\Pdo\Mysql->_query('SELECT `main_ta...', Array)
#10 /var/www/html/vendor/magento/zend-db/library/Zend/Db/Adapter/Abstract.php(737): Magento\Framework\DB\Adapter\Pdo\Mysql->query(Object(Magento\Framework\DB\Select), Array)
#11 /var/www/html/vendor/magento/framework/Data/Collection/Db/FetchStrategy/Query.php(21): Zend_Db_Adapter_Abstract->fetchAll(Object(Magento\Framework\DB\Select), Array)
#12 /var/www/html/vendor/magento/framework/Data/Collection/AbstractDb.php(1011): Magento\Framework\Data\Collection\Db\FetchStrategy\Query->fetchAll(Object(Magento\Framework\DB\Select), Array)
#13 /var/www/html/vendor/magento/framework/Data/Collection/AbstractDb.php(900): Magento\Framework\Data\Collection\AbstractDb->_fetchAll(Object(Magento\Framework\DB\Select))
#14 /var/www/html/vendor/magento/framework/Data/Collection/AbstractDb.php(793): Magento\Framework\Data\Collection\AbstractDb->getData()
#15 /var/www/html/vendor/magento/framework/Data/Collection/AbstractDb.php(777): Magento\Framework\Data\Collection\AbstractDb->loadWithFilter(false, false)
#16 /var/www/html/vendor/magento/framework/Interception/Interceptor.php(58): Magento\Framework\Data\Collection\AbstractDb->load()
#17 /var/www/html/vendor/magento/framework/Interception/Interceptor.php(138): Magento\Customer\Model\ResourceModel\Grid\Collection\Interceptor->___callParent('load', Array)
#18 /var/www/html/vendor/magento/framework/Interception/Interceptor.php(153): Magento\Customer\Model\ResourceModel\Grid\Collection\Interceptor->Magento\Framework\Interception\{closure}()
#19 /var/www/html/generated/code/Magento/Customer/Model/ResourceModel/Grid/Collection/Interceptor.php(32): Magento\Customer\Model\ResourceModel\Grid\Collection\Interceptor->___callPlugins('load', Array, Array)
#20 /var/www/html/vendor/magento/framework/Data/Collection.php(340): Magento\Customer\Model\ResourceModel\Grid\Collection\Interceptor->load()
#21 /var/www/html/vendor/magento/framework/View/Element/UiComponent/DataProvider/DataProvider.php(252): Magento\Framework\Data\Collection->getItems()
#22 /var/www/html/vendor/magento/framework/View/Element/UiComponent/DataProvider/DataProvider.php(286): Magento\Framework\View\Element\UiComponent\DataProvider\DataProvider->searchResultToOutput(Object(Magento\Customer\Model\ResourceModel\Grid\Collection\Interceptor))
#23 /var/www/html/vendor/magento/module-customer/Ui/Component/DataProvider.php(66): Magento\Framework\View\Element\UiComponent\DataProvider\DataProvider->getData()
#24 /var/www/html/vendor/magento/module-ui/Component/Listing.php(38): Magento\Customer\Ui\Component\DataProvider->getData()
#25 /var/www/html/vendor/magento/framework/View/Element/UiComponent/Context.php(250): Magento\Ui\Component\Listing->getDataSourceData()
#26 /var/www/html/vendor/magento/framework/View/Element/UiComponent/ContentType/Json.php(69): Magento\Framework\View\Element\UiComponent\Context->getDataSourceData(Object(Magento\Ui\Component\Listing))
#27 /var/www/html/vendor/magento/module-ui/Component/AbstractComponent.php(158): Magento\Framework\View\Element\UiComponent\ContentType\Json->render(Object(Magento\Ui\Component\Listing), 'templates/listi...')
#28 /var/www/html/vendor/magento/module-ui/Controller/Adminhtml/Index/Render.php(91): Magento\Ui\Component\AbstractComponent->render()
#29 /var/www/html/vendor/magento/framework/Interception/Interceptor.php(58): Magento\Ui\Controller\Adminhtml\Index\Render->execute()
#30 /var/www/html/vendor/magento/framework/Interception/Interceptor.php(138): Magento\Ui\Controller\Adminhtml\Index\Render\Interceptor->___callParent('execute', Array)
#31 /var/www/html/vendor/magento/framework/Interception/Interceptor.php(153): Magento\Ui\Controller\Adminhtml\Index\Render\Interceptor->Magento\Framework\Interception\{closure}()
#32 /var/www/html/generated/code/Magento/Ui/Controller/Adminhtml/Index/Render/Interceptor.php(23): Magento\Ui\Controller\Adminhtml\Index\Render\Interceptor->___callPlugins('execute', Array, Array)
#33 /var/www/html/vendor/magento/framework/App/Action/Action.php(111): Magento\Ui\Controller\Adminhtml\Index\Render\Interceptor->execute()
#34 /var/www/html/vendor/magento/module-backend/App/AbstractAction.php(151): Magento\Framework\App\Action\Action->dispatch(Object(Magento\Framework\App\Request\Http))
#35 /var/www/html/vendor/magento/framework/Interception/Interceptor.php(58): Magento\Backend\App\AbstractAction->dispatch(Object(Magento\Framework\App\Request\Http))
#36 /var/www/html/vendor/magento/framework/Interception/Interceptor.php(138): Magento\Ui\Controller\Adminhtml\Index\Render\Interceptor->___callParent('dispatch', Array)
#37 /var/www/html/vendor/magento/module-backend/App/Action/Plugin/Authentication.php(145): Magento\Ui\Controller\Adminhtml\Index\Render\Interceptor->Magento\Framework\Interception\{closure}(Object(Magento\Framework\App\Request\Http))
#38 /var/www/html/vendor/magento/framework/Interception/Interceptor.php(135): Magento\Backend\App\Action\Plugin\Authentication->aroundDispatch(Object(Magento\Ui\Controller\Adminhtml\Index\Render\Interceptor), Object(Closure), Object(Magento\Framework\App\Request\Http))
#39 /var/www/html/vendor/magento/framework/Interception/Interceptor.php(153): Magento\Ui\Controller\Adminhtml\Index\Render\Interceptor->Magento\Framework\Interception\{closure}(Object(Magento\Framework\App\Request\Http))
#40 /var/www/html/generated/code/Magento/Ui/Controller/Adminhtml/Index/Render/Interceptor.php(32): Magento\Ui\Controller\Adminhtml\Index\Render\Interceptor->___callPlugins('dispatch', Array, Array)
#41 /var/www/html/vendor/magento/framework/App/FrontController.php(245): Magento\Ui\Controller\Adminhtml\Index\Render\Interceptor->dispatch(Object(Magento\Framework\App\Request\Http))
#42 /var/www/html/vendor/magento/framework/App/FrontController.php(212): Magento\Framework\App\FrontController->getActionResponse(Object(Magento\Ui\Controller\Adminhtml\Index\Render\Interceptor), Object(Magento\Framework\App\Request\Http))
#43 /var/www/html/vendor/magento/framework/App/FrontController.php(146): Magento\Framework\App\FrontController->processRequest(Object(Magento\Framework\App\Request\Http), Object(Magento\Ui\Controller\Adminhtml\Index\Render\Interceptor))
#44 /var/www/html/vendor/magento/framework/Interception/Interceptor.php(58): Magento\Framework\App\FrontController->dispatch(Object(Magento\Framework\App\Request\Http))
#45 /var/www/html/vendor/magento/framework/Interception/Interceptor.php(138): Magento\Framework\App\FrontController\Interceptor->___callParent('dispatch', Array)
#46 /var/www/html/vendor/magento/framework/Interception/Interceptor.php(153): Magento\Framework\App\FrontController\Interceptor->Magento\Framework\Interception\{closure}(Object(Magento\Framework\App\Request\Http))
#47 /var/www/html/generated/code/Magento/Framework/App/FrontController/Interceptor.php(23): Magento\Framework\App\FrontController\Interceptor->___callPlugins('dispatch', Array, Array)
#48 /var/www/html/vendor/magento/framework/App/Http.php(116): Magento\Framework\App\FrontController\Interceptor->dispatch(Object(Magento\Framework\App\Request\Http))
#49 /var/www/html/vendor/magento/framework/Interception/Interceptor.php(58): Magento\Framework\App\Http->launch()
#50 /var/www/html/vendor/magento/framework/Interception/Interceptor.php(138): Magento\Framework\App\Http\Interceptor->___callParent('launch', Array)
#51 /var/www/html/vendor/magento/module-application-performance-monitor/Plugin/ApplicationPerformanceMonitor.php(38): Magento\Framework\App\Http\Interceptor->Magento\Framework\Interception\{closure}()
#52 /var/www/html/vendor/magento/framework/Interception/Interceptor.php(135): Magento\ApplicationPerformanceMonitor\Plugin\ApplicationPerformanceMonitor->aroundLaunch(Object(Magento\Framework\App\Http\Interceptor), Object(Closure))
#53 /var/www/html/vendor/magento/framework/Interception/Interceptor.php(153): Magento\Framework\App\Http\Interceptor->Magento\Framework\Interception\{closure}()
#54 /var/www/html/generated/code/Magento/Framework/App/Http/Interceptor.php(23): Magento\Framework\App\Http\Interceptor->___callPlugins('launch', Array, NULL)
#55 /var/www/html/vendor/magento/framework/App/Bootstrap.php(264): Magento\Framework\App\Http\Interceptor->launch()
#56 /var/www/html/pub/index.php(30): Magento\Framework\App\Bootstrap->run(Object(Magento\Framework\App\Http\Interceptor))
#57 {main}

Next Zend_Db_Statement_Exception: SQLSTATE[42S22]: Column not found: 1054 Unknown column 'main_table.terms_accepted' in 'WHERE', query was: SELECT `main_table`.*, IFNULL(`rnt`.`name`, IFNULL(`rct`.`default_name`, `main_table`.`billing_region`)) AS `billing_region`, IF(terms.accepted_at IS NOT NULL, 'Sim', 'N達o') AS `terms_accepted` FROM `customer_grid_flat` AS `main_table`
 LEFT JOIN `directory_country_region` AS `rct` ON rct.region_id=`main_table`.`billing_region_id`
 LEFT JOIN `directory_country_region_name` AS `rnt` ON rnt.region_id=`main_table`.`billing_region_id` AND rnt.locale='en_US'
 LEFT JOIN (SELECT customer_id, MAX(accepted_at) as accepted_at FROM company_terms_acceptance GROUP BY customer_id) AS `terms` ON terms.customer_id = main_table.entity_id WHERE  (((`main_table`.`terms_accepted` = '1'))) ORDER BY main_table.entity_id ASC
 LIMIT 20 in /var/www/html/vendor/magento/framework/DB/Statement/Pdo/Mysql.php:109
Stack trace:
#0 /var/www/html/vendor/magento/framework/DB/Statement/Pdo/Mysql.php(89): Magento\Framework\DB\Statement\Pdo\Mysql->tryExecute(Object(Closure))
#1 /var/www/html/vendor/magento/zend-db/library/Zend/Db/Statement.php(313): Magento\Framework\DB\Statement\Pdo\Mysql->_execute(Array)
#2 /var/www/html/vendor/magento/zend-db/library/Zend/Db/Adapter/Abstract.php(480): Zend_Db_Statement->execute(Array)
#3 /var/www/html/vendor/magento/zend-db/library/Zend/Db/Adapter/Pdo/Abstract.php(242): Zend_Db_Adapter_Abstract->query('SELECT `main_ta...', Array)
#4 /var/www/html/vendor/magento/framework/DB/Adapter/Pdo/Mysql.php(614): Zend_Db_Adapter_Pdo_Abstract->query('SELECT `main_ta...', Array)
#5 /var/www/html/vendor/magento/framework/DB/Adapter/Pdo/Mysql.php(639): Magento\Framework\DB\Adapter\Pdo\Mysql->Magento\Framework\DB\Adapter\Pdo\{closure}()
#6 /var/www/html/vendor/magento/framework/DB/Adapter/Pdo/Mysql.php(614): Magento\Framework\DB\Adapter\Pdo\Mysql->performQuery(Object(Closure))
#7 /var/www/html/vendor/magento/framework/DB/Adapter/Pdo/Mysql.php(703): Magento\Framework\DB\Adapter\Pdo\Mysql->_query('SELECT `main_ta...', Array)
#8 /var/www/html/vendor/magento/zend-db/library/Zend/Db/Adapter/Abstract.php(737): Magento\Framework\DB\Adapter\Pdo\Mysql->query(Object(Magento\Framework\DB\Select), Array)
#9 /var/www/html/vendor/magento/framework/Data/Collection/Db/FetchStrategy/Query.php(21): Zend_Db_Adapter_Abstract->fetchAll(Object(Magento\Framework\DB\Select), Array)
#10 /var/www/html/vendor/magento/framework/Data/Collection/AbstractDb.php(1011): Magento\Framework\Data\Collection\Db\FetchStrategy\Query->fetchAll(Object(Magento\Framework\DB\Select), Array)
#11 /var/www/html/vendor/magento/framework/Data/Collection/AbstractDb.php(900): Magento\Framework\Data\Collection\AbstractDb->_fetchAll(Object(Magento\Framework\DB\Select))
#12 /var/www/html/vendor/magento/framework/Data/Collection/AbstractDb.php(793): Magento\Framework\Data\Collection\AbstractDb->getData()
#13 /var/www/html/vendor/magento/framework/Data/Collection/AbstractDb.php(777): Magento\Framework\Data\Collection\AbstractDb->loadWithFilter(false, false)
#14 /var/www/html/vendor/magento/framework/Interception/Interceptor.php(58): Magento\Framework\Data\Collection\AbstractDb->load()
#15 /var/www/html/vendor/magento/framework/Interception/Interceptor.php(138): Magento\Customer\Model\ResourceModel\Grid\Collection\Interceptor->___callParent('load', Array)
#16 /var/www/html/vendor/magento/framework/Interception/Interceptor.php(153): Magento\Customer\Model\ResourceModel\Grid\Collection\Interceptor->Magento\Framework\Interception\{closure}()
#17 /var/www/html/generated/code/Magento/Customer/Model/ResourceModel/Grid/Collection/Interceptor.php(32): Magento\Customer\Model\ResourceModel\Grid\Collection\Interceptor->___callPlugins('load', Array, Array)
#18 /var/www/html/vendor/magento/framework/Data/Collection.php(340): Magento\Customer\Model\ResourceModel\Grid\Collection\Interceptor->load()
#19 /var/www/html/vendor/magento/framework/View/Element/UiComponent/DataProvider/DataProvider.php(252): Magento\Framework\Data\Collection->getItems()
#20 /var/www/html/vendor/magento/framework/View/Element/UiComponent/DataProvider/DataProvider.php(286): Magento\Framework\View\Element\UiComponent\DataProvider\DataProvider->searchResultToOutput(Object(Magento\Customer\Model\ResourceModel\Grid\Collection\Interceptor))
#21 /var/www/html/vendor/magento/module-customer/Ui/Component/DataProvider.php(66): Magento\Framework\View\Element\UiComponent\DataProvider\DataProvider->getData()
#22 /var/www/html/vendor/magento/module-ui/Component/Listing.php(38): Magento\Customer\Ui\Component\DataProvider->getData()
#23 /var/www/html/vendor/magento/framework/View/Element/UiComponent/Context.php(250): Magento\Ui\Component\Listing->getDataSourceData()
#24 /var/www/html/vendor/magento/framework/View/Element/UiComponent/ContentType/Json.php(69): Magento\Framework\View\Element\UiComponent\Context->getDataSourceData(Object(Magento\Ui\Component\Listing))
#25 /var/www/html/vendor/magento/module-ui/Component/AbstractComponent.php(158): Magento\Framework\View\Element\UiComponent\ContentType\Json->render(Object(Magento\Ui\Component\Listing), 'templates/listi...')
#26 /var/www/html/vendor/magento/module-ui/Controller/Adminhtml/Index/Render.php(91): Magento\Ui\Component\AbstractComponent->render()
#27 /var/www/html/vendor/magento/framework/Interception/Interceptor.php(58): Magento\Ui\Controller\Adminhtml\Index\Render->execute()
#28 /var/www/html/vendor/magento/framework/Interception/Interceptor.php(138): Magento\Ui\Controller\Adminhtml\Index\Render\Interceptor->___callParent('execute', Array)
#29 /var/www/html/vendor/magento/framework/Interception/Interceptor.php(153): Magento\Ui\Controller\Adminhtml\Index\Render\Interceptor->Magento\Framework\Interception\{closure}()
#30 /var/www/html/generated/code/Magento/Ui/Controller/Adminhtml/Index/Render/Interceptor.php(23): Magento\Ui\Controller\Adminhtml\Index\Render\Interceptor->___callPlugins('execute', Array, Array)
#31 /var/www/html/vendor/magento/framework/App/Action/Action.php(111): Magento\Ui\Controller\Adminhtml\Index\Render\Interceptor->execute()
#32 /var/www/html/vendor/magento/module-backend/App/AbstractAction.php(151): Magento\Framework\App\Action\Action->dispatch(Object(Magento\Framework\App\Request\Http))
#33 /var/www/html/vendor/magento/framework/Interception/Interceptor.php(58): Magento\Backend\App\AbstractAction->dispatch(Object(Magento\Framework\App\Request\Http))
#34 /var/www/html/vendor/magento/framework/Interception/Interceptor.php(138): Magento\Ui\Controller\Adminhtml\Index\Render\Interceptor->___callParent('dispatch', Array)
#35 /var/www/html/vendor/magento/module-backend/App/Action/Plugin/Authentication.php(145): Magento\Ui\Controller\Adminhtml\Index\Render\Interceptor->Magento\Framework\Interception\{closure}(Object(Magento\Framework\App\Request\Http))
#36 /var/www/html/vendor/magento/framework/Interception/Interceptor.php(135): Magento\Backend\App\Action\Plugin\Authentication->aroundDispatch(Object(Magento\Ui\Controller\Adminhtml\Index\Render\Interceptor), Object(Closure), Object(Magento\Framework\App\Request\Http))
#37 /var/www/html/vendor/magento/framework/Interception/Interceptor.php(153): Magento\Ui\Controller\Adminhtml\Index\Render\Interceptor->Magento\Framework\Interception\{closure}(Object(Magento\Framework\App\Request\Http))
#38 /var/www/html/generated/code/Magento/Ui/Controller/Adminhtml/Index/Render/Interceptor.php(32): Magento\Ui\Controller\Adminhtml\Index\Render\Interceptor->___callPlugins('dispatch', Array, Array)
#39 /var/www/html/vendor/magento/framework/App/FrontController.php(245): Magento\Ui\Controller\Adminhtml\Index\Render\Interceptor->dispatch(Object(Magento\Framework\App\Request\Http))
#40 /var/www/html/vendor/magento/framework/App/FrontController.php(212): Magento\Framework\App\FrontController->getActionResponse(Object(Magento\Ui\Controller\Adminhtml\Index\Render\Interceptor), Object(Magento\Framework\App\Request\Http))
#41 /var/www/html/vendor/magento/framework/App/FrontController.php(146): Magento\Framework\App\FrontController->processRequest(Object(Magento\Framework\App\Request\Http), Object(Magento\Ui\Controller\Adminhtml\Index\Render\Interceptor))
#42 /var/www/html/vendor/magento/framework/Interception/Interceptor.php(58): Magento\Framework\App\FrontController->dispatch(Object(Magento\Framework\App\Request\Http))
#43 /var/www/html/vendor/magento/framework/Interception/Interceptor.php(138): Magento\Framework\App\FrontController\Interceptor->___callParent('dispatch', Array)
#44 /var/www/html/vendor/magento/framework/Interception/Interceptor.php(153): Magento\Framework\App\FrontController\Interceptor->Magento\Framework\Interception\{closure}(Object(Magento\Framework\App\Request\Http))
#45 /var/www/html/generated/code/Magento/Framework/App/FrontController/Interceptor.php(23): Magento\Framework\App\FrontController\Interceptor->___callPlugins('dispatch', Array, Array)
#46 /var/www/html/vendor/magento/framework/App/Http.php(116): Magento\Framework\App\FrontController\Interceptor->dispatch(Object(Magento\Framework\App\Request\Http))
#47 /var/www/html/vendor/magento/framework/Interception/Interceptor.php(58): Magento\Framework\App\Http->launch()
#48 /var/www/html/vendor/magento/framework/Interception/Interceptor.php(138): Magento\Framework\App\Http\Interceptor->___callParent('launch', Array)
#49 /var/www/html/vendor/magento/module-application-performance-monitor/Plugin/ApplicationPerformanceMonitor.php(38): Magento\Framework\App\Http\Interceptor->Magento\Framework\Interception\{closure}()
#50 /var/www/html/vendor/magento/framework/Interception/Interceptor.php(135): Magento\ApplicationPerformanceMonitor\Plugin\ApplicationPerformanceMonitor->aroundLaunch(Object(Magento\Framework\App\Http\Interceptor), Object(Closure))
#51 /var/www/html/vendor/magento/framework/Interception/Interceptor.php(153): Magento\Framework\App\Http\Interceptor->Magento\Framework\Interception\{closure}()
#52 /var/www/html/generated/code/Magento/Framework/App/Http/Interceptor.php(23): Magento\Framework\App\Http\Interceptor->___callPlugins('launch', Array, NULL)
#53 /var/www/html/vendor/magento/framework/App/Bootstrap.php(264): Magento\Framework\App\Http\Interceptor->launch()
#54 /var/www/html/pub/index.php(30): Magento\Framework\App\Bootstrap->run(Object(Magento\Framework\App\Http\Interceptor))
#55 {main} {"exception":"[object] (Zend_Db_Statement_Exception(code: 42): SQLSTATE[42S22]: Column not found: 1054 Unknown column 'main_table.terms_accepted' in 'WHERE', query was: SELECT `main_table`.*, IFNULL(`rnt`.`name`, IFNULL(`rct`.`default_name`, `main_table`.`billing_region`)) AS `billing_region`, IF(terms.accepted_at IS NOT NULL, 'Sim', 'N達o') AS `terms_accepted` FROM `customer_grid_flat` AS `main_table`
 LEFT JOIN `directory_country_region` AS `rct` ON rct.region_id=`main_table`.`billing_region_id`
 LEFT JOIN `directory_country_region_name` AS `rnt` ON rnt.region_id=`main_table`.`billing_region_id` AND rnt.locale='en_US'
 LEFT JOIN (SELECT customer_id, MAX(accepted_at) as accepted_at FROM company_terms_acceptance GROUP BY customer_id) AS `terms` ON terms.customer_id = main_table.entity_id WHERE  (((`main_table`.`terms_accepted` = '1'))) ORDER BY main_table.entity_id ASC
 LIMIT 20 at /var/www/html/vendor/magento/framework/DB/Statement/Pdo/Mysql.php:109)
[previous exception] [object] (PDOException(code: 42S22): SQLSTATE[42S22]: Column not found: 1054 Unknown column 'main_table.terms_accepted' in 'WHERE' at /var/www/html/vendor/magento/framework/DB/Statement/Pdo/Mysql.php:90)"} []
[2025-02-10T18:17:25.198168+00:00] main.CRITICAL: PDOException: SQLSTATE[42S22]: Column not found: 1054 Unknown column 'main_table.terms_accepted' in 'WHERE' in /var/www/html/vendor/magento/framework/DB/Statement/Pdo/Mysql.php:90
Stack trace:
#0 /var/www/html/vendor/magento/framework/DB/Statement/Pdo/Mysql.php(90): PDOStatement->execute()
#1 /var/www/html/vendor/magento/framework/DB/Statement/Pdo/Mysql.php(106): Magento\Framework\DB\Statement\Pdo\Mysql->Magento\Framework\DB\Statement\Pdo\{closure}()
#2 /var/www/html/vendor/magento/framework/DB/Statement/Pdo/Mysql.php(89): Magento\Framework\DB\Statement\Pdo\Mysql->tryExecute(Object(Closure))
#3 /var/www/html/vendor/magento/zend-db/library/Zend/Db/Statement.php(313): Magento\Framework\DB\Statement\Pdo\Mysql->_execute(Array)
#4 /var/www/html/vendor/magento/zend-db/library/Zend/Db/Adapter/Abstract.php(480): Zend_Db_Statement->execute(Array)
#5 /var/www/html/vendor/magento/zend-db/library/Zend/Db/Adapter/Pdo/Abstract.php(242): Zend_Db_Adapter_Abstract->query('SELECT `main_ta...', Array)
#6 /var/www/html/vendor/magento/framework/DB/Adapter/Pdo/Mysql.php(614): Zend_Db_Adapter_Pdo_Abstract->query('SELECT `main_ta...', Array)
#7 /var/www/html/vendor/magento/framework/DB/Adapter/Pdo/Mysql.php(639): Magento\Framework\DB\Adapter\Pdo\Mysql->Magento\Framework\DB\Adapter\Pdo\{closure}()
#8 /var/www/html/vendor/magento/framework/DB/Adapter/Pdo/Mysql.php(614): Magento\Framework\DB\Adapter\Pdo\Mysql->performQuery(Object(Closure))
#9 /var/www/html/vendor/magento/framework/DB/Adapter/Pdo/Mysql.php(703): Magento\Framework\DB\Adapter\Pdo\Mysql->_query('SELECT `main_ta...', Array)
#10 /var/www/html/vendor/magento/zend-db/library/Zend/Db/Adapter/Abstract.php(737): Magento\Framework\DB\Adapter\Pdo\Mysql->query(Object(Magento\Framework\DB\Select), Array)
#11 /var/www/html/vendor/magento/framework/Data/Collection/Db/FetchStrategy/Query.php(21): Zend_Db_Adapter_Abstract->fetchAll(Object(Magento\Framework\DB\Select), Array)
#12 /var/www/html/vendor/magento/framework/Data/Collection/AbstractDb.php(1011): Magento\Framework\Data\Collection\Db\FetchStrategy\Query->fetchAll(Object(Magento\Framework\DB\Select), Array)
#13 /var/www/html/vendor/magento/framework/Data/Collection/AbstractDb.php(900): Magento\Framework\Data\Collection\AbstractDb->_fetchAll(Object(Magento\Framework\DB\Select))
#14 /var/www/html/vendor/magento/framework/Data/Collection/AbstractDb.php(793): Magento\Framework\Data\Collection\AbstractDb->getData()
#15 /var/www/html/vendor/magento/framework/Data/Collection/AbstractDb.php(777): Magento\Framework\Data\Collection\AbstractDb->loadWithFilter(false, false)
#16 /var/www/html/vendor/magento/framework/Interception/Interceptor.php(58): Magento\Framework\Data\Collection\AbstractDb->load()
#17 /var/www/html/vendor/magento/framework/Interception/Interceptor.php(138): Magento\Customer\Model\ResourceModel\Grid\Collection\Interceptor->___callParent('load', Array)
#18 /var/www/html/vendor/magento/framework/Interception/Interceptor.php(153): Magento\Customer\Model\ResourceModel\Grid\Collection\Interceptor->Magento\Framework\Interception\{closure}()
#19 /var/www/html/generated/code/Magento/Customer/Model/ResourceModel/Grid/Collection/Interceptor.php(32): Magento\Customer\Model\ResourceModel\Grid\Collection\Interceptor->___callPlugins('load', Array, Array)
#20 /var/www/html/vendor/magento/framework/Data/Collection.php(340): Magento\Customer\Model\ResourceModel\Grid\Collection\Interceptor->load()
#21 /var/www/html/vendor/magento/framework/View/Element/UiComponent/DataProvider/DataProvider.php(252): Magento\Framework\Data\Collection->getItems()
#22 /var/www/html/vendor/magento/framework/View/Element/UiComponent/DataProvider/DataProvider.php(286): Magento\Framework\View\Element\UiComponent\DataProvider\DataProvider->searchResultToOutput(Object(Magento\Customer\Model\ResourceModel\Grid\Collection\Interceptor))
#23 /var/www/html/vendor/magento/module-customer/Ui/Component/DataProvider.php(66): Magento\Framework\View\Element\UiComponent\DataProvider\DataProvider->getData()
#24 /var/www/html/vendor/magento/module-ui/Component/Listing.php(38): Magento\Customer\Ui\Component\DataProvider->getData()
#25 /var/www/html/vendor/magento/framework/View/Element/UiComponent/Context.php(250): Magento\Ui\Component\Listing->getDataSourceData()
#26 /var/www/html/vendor/magento/framework/View/Element/UiComponent/ContentType/Json.php(69): Magento\Framework\View\Element\UiComponent\Context->getDataSourceData(Object(Magento\Ui\Component\Listing))
#27 /var/www/html/vendor/magento/module-ui/Component/AbstractComponent.php(158): Magento\Framework\View\Element\UiComponent\ContentType\Json->render(Object(Magento\Ui\Component\Listing), 'templates/listi...')
#28 /var/www/html/vendor/magento/module-ui/Controller/Adminhtml/Index/Render.php(91): Magento\Ui\Component\AbstractComponent->render()
#29 /var/www/html/vendor/magento/framework/Interception/Interceptor.php(58): Magento\Ui\Controller\Adminhtml\Index\Render->execute()
#30 /var/www/html/vendor/magento/framework/Interception/Interceptor.php(138): Magento\Ui\Controller\Adminhtml\Index\Render\Interceptor->___callParent('execute', Array)
#31 /var/www/html/vendor/magento/framework/Interception/Interceptor.php(153): Magento\Ui\Controller\Adminhtml\Index\Render\Interceptor->Magento\Framework\Interception\{closure}()
#32 /var/www/html/generated/code/Magento/Ui/Controller/Adminhtml/Index/Render/Interceptor.php(23): Magento\Ui\Controller\Adminhtml\Index\Render\Interceptor->___callPlugins('execute', Array, Array)
#33 /var/www/html/vendor/magento/framework/App/Action/Action.php(111): Magento\Ui\Controller\Adminhtml\Index\Render\Interceptor->execute()
#34 /var/www/html/vendor/magento/module-backend/App/AbstractAction.php(151): Magento\Framework\App\Action\Action->dispatch(Object(Magento\Framework\App\Request\Http))
#35 /var/www/html/vendor/magento/framework/Interception/Interceptor.php(58): Magento\Backend\App\AbstractAction->dispatch(Object(Magento\Framework\App\Request\Http))
#36 /var/www/html/vendor/magento/framework/Interception/Interceptor.php(138): Magento\Ui\Controller\Adminhtml\Index\Render\Interceptor->___callParent('dispatch', Array)
#37 /var/www/html/vendor/magento/module-backend/App/Action/Plugin/Authentication.php(145): Magento\Ui\Controller\Adminhtml\Index\Render\Interceptor->Magento\Framework\Interception\{closure}(Object(Magento\Framework\App\Request\Http))
#38 /var/www/html/vendor/magento/framework/Interception/Interceptor.php(135): Magento\Backend\App\Action\Plugin\Authentication->aroundDispatch(Object(Magento\Ui\Controller\Adminhtml\Index\Render\Interceptor), Object(Closure), Object(Magento\Framework\App\Request\Http))
#39 /var/www/html/vendor/magento/framework/Interception/Interceptor.php(153): Magento\Ui\Controller\Adminhtml\Index\Render\Interceptor->Magento\Framework\Interception\{closure}(Object(Magento\Framework\App\Request\Http))
#40 /var/www/html/generated/code/Magento/Ui/Controller/Adminhtml/Index/Render/Interceptor.php(32): Magento\Ui\Controller\Adminhtml\Index\Render\Interceptor->___callPlugins('dispatch', Array, Array)
#41 /var/www/html/vendor/magento/framework/App/FrontController.php(245): Magento\Ui\Controller\Adminhtml\Index\Render\Interceptor->dispatch(Object(Magento\Framework\App\Request\Http))
#42 /var/www/html/vendor/magento/framework/App/FrontController.php(212): Magento\Framework\App\FrontController->getActionResponse(Object(Magento\Ui\Controller\Adminhtml\Index\Render\Interceptor), Object(Magento\Framework\App\Request\Http))
#43 /var/www/html/vendor/magento/framework/App/FrontController.php(146): Magento\Framework\App\FrontController->processRequest(Object(Magento\Framework\App\Request\Http), Object(Magento\Ui\Controller\Adminhtml\Index\Render\Interceptor))
#44 /var/www/html/vendor/magento/framework/Interception/Interceptor.php(58): Magento\Framework\App\FrontController->dispatch(Object(Magento\Framework\App\Request\Http))
#45 /var/www/html/vendor/magento/framework/Interception/Interceptor.php(138): Magento\Framework\App\FrontController\Interceptor->___callParent('dispatch', Array)
#46 /var/www/html/vendor/magento/framework/Interception/Interceptor.php(153): Magento\Framework\App\FrontController\Interceptor->Magento\Framework\Interception\{closure}(Object(Magento\Framework\App\Request\Http))
#47 /var/www/html/generated/code/Magento/Framework/App/FrontController/Interceptor.php(23): Magento\Framework\App\FrontController\Interceptor->___callPlugins('dispatch', Array, Array)
#48 /var/www/html/vendor/magento/framework/App/Http.php(116): Magento\Framework\App\FrontController\Interceptor->dispatch(Object(Magento\Framework\App\Request\Http))
#49 /var/www/html/vendor/magento/framework/Interception/Interceptor.php(58): Magento\Framework\App\Http->launch()
#50 /var/www/html/vendor/magento/framework/Interception/Interceptor.php(138): Magento\Framework\App\Http\Interceptor->___callParent('launch', Array)
#51 /var/www/html/vendor/magento/module-application-performance-monitor/Plugin/ApplicationPerformanceMonitor.php(38): Magento\Framework\App\Http\Interceptor->Magento\Framework\Interception\{closure}()
#52 /var/www/html/vendor/magento/framework/Interception/Interceptor.php(135): Magento\ApplicationPerformanceMonitor\Plugin\ApplicationPerformanceMonitor->aroundLaunch(Object(Magento\Framework\App\Http\Interceptor), Object(Closure))
#53 /var/www/html/vendor/magento/framework/Interception/Interceptor.php(153): Magento\Framework\App\Http\Interceptor->Magento\Framework\Interception\{closure}()
#54 /var/www/html/generated/code/Magento/Framework/App/Http/Interceptor.php(23): Magento\Framework\App\Http\Interceptor->___callPlugins('launch', Array, NULL)
#55 /var/www/html/vendor/magento/framework/App/Bootstrap.php(264): Magento\Framework\App\Http\Interceptor->launch()
#56 /var/www/html/pub/index.php(30): Magento\Framework\App\Bootstrap->run(Object(Magento\Framework\App\Http\Interceptor))
#57 {main}

Next Zend_Db_Statement_Exception: SQLSTATE[42S22]: Column not found: 1054 Unknown column 'main_table.terms_accepted' in 'WHERE', query was: SELECT `main_table`.*, IFNULL(`rnt`.`name`, IFNULL(`rct`.`default_name`, `main_table`.`billing_region`)) AS `billing_region`, IF(terms.accepted_at IS NOT NULL, 'Sim', 'N達o') AS `terms_accepted` FROM `customer_grid_flat` AS `main_table`
 LEFT JOIN `directory_country_region` AS `rct` ON rct.region_id=`main_table`.`billing_region_id`
 LEFT JOIN `directory_country_region_name` AS `rnt` ON rnt.region_id=`main_table`.`billing_region_id` AND rnt.locale='en_US'
 LEFT JOIN (SELECT customer_id, MAX(accepted_at) as accepted_at FROM company_terms_acceptance GROUP BY customer_id) AS `terms` ON terms.customer_id = main_table.entity_id WHERE  (((`main_table`.`terms_accepted` = 'Sim'))) ORDER BY main_table.entity_id ASC
 LIMIT 20 in /var/www/html/vendor/magento/framework/DB/Statement/Pdo/Mysql.php:109
Stack trace:
#0 /var/www/html/vendor/magento/framework/DB/Statement/Pdo/Mysql.php(89): Magento\Framework\DB\Statement\Pdo\Mysql->tryExecute(Object(Closure))
#1 /var/www/html/vendor/magento/zend-db/library/Zend/Db/Statement.php(313): Magento\Framework\DB\Statement\Pdo\Mysql->_execute(Array)
#2 /var/www/html/vendor/magento/zend-db/library/Zend/Db/Adapter/Abstract.php(480): Zend_Db_Statement->execute(Array)
#3 /var/www/html/vendor/magento/zend-db/library/Zend/Db/Adapter/Pdo/Abstract.php(242): Zend_Db_Adapter_Abstract->query('SELECT `main_ta...', Array)
#4 /var/www/html/vendor/magento/framework/DB/Adapter/Pdo/Mysql.php(614): Zend_Db_Adapter_Pdo_Abstract->query('SELECT `main_ta...', Array)
#5 /var/www/html/vendor/magento/framework/DB/Adapter/Pdo/Mysql.php(639): Magento\Framework\DB\Adapter\Pdo\Mysql->Magento\Framework\DB\Adapter\Pdo\{closure}()
#6 /var/www/html/vendor/magento/framework/DB/Adapter/Pdo/Mysql.php(614): Magento\Framework\DB\Adapter\Pdo\Mysql->performQuery(Object(Closure))
#7 /var/www/html/vendor/magento/framework/DB/Adapter/Pdo/Mysql.php(703): Magento\Framework\DB\Adapter\Pdo\Mysql->_query('SELECT `main_ta...', Array)
#8 /var/www/html/vendor/magento/zend-db/library/Zend/Db/Adapter/Abstract.php(737): Magento\Framework\DB\Adapter\Pdo\Mysql->query(Object(Magento\Framework\DB\Select), Array)
#9 /var/www/html/vendor/magento/framework/Data/Collection/Db/FetchStrategy/Query.php(21): Zend_Db_Adapter_Abstract->fetchAll(Object(Magento\Framework\DB\Select), Array)
#10 /var/www/html/vendor/magento/framework/Data/Collection/AbstractDb.php(1011): Magento\Framework\Data\Collection\Db\FetchStrategy\Query->fetchAll(Object(Magento\Framework\DB\Select), Array)
#11 /var/www/html/vendor/magento/framework/Data/Collection/AbstractDb.php(900): Magento\Framework\Data\Collection\AbstractDb->_fetchAll(Object(Magento\Framework\DB\Select))
#12 /var/www/html/vendor/magento/framework/Data/Collection/AbstractDb.php(793): Magento\Framework\Data\Collection\AbstractDb->getData()
#13 /var/www/html/vendor/magento/framework/Data/Collection/AbstractDb.php(777): Magento\Framework\Data\Collection\AbstractDb->loadWithFilter(false, false)
#14 /var/www/html/vendor/magento/framework/Interception/Interceptor.php(58): Magento\Framework\Data\Collection\AbstractDb->load()
#15 /var/www/html/vendor/magento/framework/Interception/Interceptor.php(138): Magento\Customer\Model\ResourceModel\Grid\Collection\Interceptor->___callParent('load', Array)
#16 /var/www/html/vendor/magento/framework/Interception/Interceptor.php(153): Magento\Customer\Model\ResourceModel\Grid\Collection\Interceptor->Magento\Framework\Interception\{closure}()
#17 /var/www/html/generated/code/Magento/Customer/Model/ResourceModel/Grid/Collection/Interceptor.php(32): Magento\Customer\Model\ResourceModel\Grid\Collection\Interceptor->___callPlugins('load', Array, Array)
#18 /var/www/html/vendor/magento/framework/Data/Collection.php(340): Magento\Customer\Model\ResourceModel\Grid\Collection\Interceptor->load()
#19 /var/www/html/vendor/magento/framework/View/Element/UiComponent/DataProvider/DataProvider.php(252): Magento\Framework\Data\Collection->getItems()
#20 /var/www/html/vendor/magento/framework/View/Element/UiComponent/DataProvider/DataProvider.php(286): Magento\Framework\View\Element\UiComponent\DataProvider\DataProvider->searchResultToOutput(Object(Magento\Customer\Model\ResourceModel\Grid\Collection\Interceptor))
#21 /var/www/html/vendor/magento/module-customer/Ui/Component/DataProvider.php(66): Magento\Framework\View\Element\UiComponent\DataProvider\DataProvider->getData()
#22 /var/www/html/vendor/magento/module-ui/Component/Listing.php(38): Magento\Customer\Ui\Component\DataProvider->getData()
#23 /var/www/html/vendor/magento/framework/View/Element/UiComponent/Context.php(250): Magento\Ui\Component\Listing->getDataSourceData()
#24 /var/www/html/vendor/magento/framework/View/Element/UiComponent/ContentType/Json.php(69): Magento\Framework\View\Element\UiComponent\Context->getDataSourceData(Object(Magento\Ui\Component\Listing))
#25 /var/www/html/vendor/magento/module-ui/Component/AbstractComponent.php(158): Magento\Framework\View\Element\UiComponent\ContentType\Json->render(Object(Magento\Ui\Component\Listing), 'templates/listi...')
#26 /var/www/html/vendor/magento/module-ui/Controller/Adminhtml/Index/Render.php(91): Magento\Ui\Component\AbstractComponent->render()
#27 /var/www/html/vendor/magento/framework/Interception/Interceptor.php(58): Magento\Ui\Controller\Adminhtml\Index\Render->execute()
#28 /var/www/html/vendor/magento/framework/Interception/Interceptor.php(138): Magento\Ui\Controller\Adminhtml\Index\Render\Interceptor->___callParent('execute', Array)
#29 /var/www/html/vendor/magento/framework/Interception/Interceptor.php(153): Magento\Ui\Controller\Adminhtml\Index\Render\Interceptor->Magento\Framework\Interception\{closure}()
#30 /var/www/html/generated/code/Magento/Ui/Controller/Adminhtml/Index/Render/Interceptor.php(23): Magento\Ui\Controller\Adminhtml\Index\Render\Interceptor->___callPlugins('execute', Array, Array)
#31 /var/www/html/vendor/magento/framework/App/Action/Action.php(111): Magento\Ui\Controller\Adminhtml\Index\Render\Interceptor->execute()
#32 /var/www/html/vendor/magento/module-backend/App/AbstractAction.php(151): Magento\Framework\App\Action\Action->dispatch(Object(Magento\Framework\App\Request\Http))
#33 /var/www/html/vendor/magento/framework/Interception/Interceptor.php(58): Magento\Backend\App\AbstractAction->dispatch(Object(Magento\Framework\App\Request\Http))
#34 /var/www/html/vendor/magento/framework/Interception/Interceptor.php(138): Magento\Ui\Controller\Adminhtml\Index\Render\Interceptor->___callParent('dispatch', Array)
#35 /var/www/html/vendor/magento/module-backend/App/Action/Plugin/Authentication.php(145): Magento\Ui\Controller\Adminhtml\Index\Render\Interceptor->Magento\Framework\Interception\{closure}(Object(Magento\Framework\App\Request\Http))
#36 /var/www/html/vendor/magento/framework/Interception/Interceptor.php(135): Magento\Backend\App\Action\Plugin\Authentication->aroundDispatch(Object(Magento\Ui\Controller\Adminhtml\Index\Render\Interceptor), Object(Closure), Object(Magento\Framework\App\Request\Http))
#37 /var/www/html/vendor/magento/framework/Interception/Interceptor.php(153): Magento\Ui\Controller\Adminhtml\Index\Render\Interceptor->Magento\Framework\Interception\{closure}(Object(Magento\Framework\App\Request\Http))
#38 /var/www/html/generated/code/Magento/Ui/Controller/Adminhtml/Index/Render/Interceptor.php(32): Magento\Ui\Controller\Adminhtml\Index\Render\Interceptor->___callPlugins('dispatch', Array, Array)
#39 /var/www/html/vendor/magento/framework/App/FrontController.php(245): Magento\Ui\Controller\Adminhtml\Index\Render\Interceptor->dispatch(Object(Magento\Framework\App\Request\Http))
#40 /var/www/html/vendor/magento/framework/App/FrontController.php(212): Magento\Framework\App\FrontController->getActionResponse(Object(Magento\Ui\Controller\Adminhtml\Index\Render\Interceptor), Object(Magento\Framework\App\Request\Http))
#41 /var/www/html/vendor/magento/framework/App/FrontController.php(146): Magento\Framework\App\FrontController->processRequest(Object(Magento\Framework\App\Request\Http), Object(Magento\Ui\Controller\Adminhtml\Index\Render\Interceptor))
#42 /var/www/html/vendor/magento/framework/Interception/Interceptor.php(58): Magento\Framework\App\FrontController->dispatch(Object(Magento\Framework\App\Request\Http))
#43 /var/www/html/vendor/magento/framework/Interception/Interceptor.php(138): Magento\Framework\App\FrontController\Interceptor->___callParent('dispatch', Array)
#44 /var/www/html/vendor/magento/framework/Interception/Interceptor.php(153): Magento\Framework\App\FrontController\Interceptor->Magento\Framework\Interception\{closure}(Object(Magento\Framework\App\Request\Http))
#45 /var/www/html/generated/code/Magento/Framework/App/FrontController/Interceptor.php(23): Magento\Framework\App\FrontController\Interceptor->___callPlugins('dispatch', Array, Array)
#46 /var/www/html/vendor/magento/framework/App/Http.php(116): Magento\Framework\App\FrontController\Interceptor->dispatch(Object(Magento\Framework\App\Request\Http))
#47 /var/www/html/vendor/magento/framework/Interception/Interceptor.php(58): Magento\Framework\App\Http->launch()
#48 /var/www/html/vendor/magento/framework/Interception/Interceptor.php(138): Magento\Framework\App\Http\Interceptor->___callParent('launch', Array)
#49 /var/www/html/vendor/magento/module-application-performance-monitor/Plugin/ApplicationPerformanceMonitor.php(38): Magento\Framework\App\Http\Interceptor->Magento\Framework\Interception\{closure}()
#50 /var/www/html/vendor/magento/framework/Interception/Interceptor.php(135): Magento\ApplicationPerformanceMonitor\Plugin\ApplicationPerformanceMonitor->aroundLaunch(Object(Magento\Framework\App\Http\Interceptor), Object(Closure))
#51 /var/www/html/vendor/magento/framework/Interception/Interceptor.php(153): Magento\Framework\App\Http\Interceptor->Magento\Framework\Interception\{closure}()
#52 /var/www/html/generated/code/Magento/Framework/App/Http/Interceptor.php(23): Magento\Framework\App\Http\Interceptor->___callPlugins('launch', Array, NULL)
#53 /var/www/html/vendor/magento/framework/App/Bootstrap.php(264): Magento\Framework\App\Http\Interceptor->launch()
#54 /var/www/html/pub/index.php(30): Magento\Framework\App\Bootstrap->run(Object(Magento\Framework\App\Http\Interceptor))
#55 {main} {"exception":"[object] (Zend_Db_Statement_Exception(code: 42): SQLSTATE[42S22]: Column not found: 1054 Unknown column 'main_table.terms_accepted' in 'WHERE', query was: SELECT `main_table`.*, IFNULL(`rnt`.`name`, IFNULL(`rct`.`default_name`, `main_table`.`billing_region`)) AS `billing_region`, IF(terms.accepted_at IS NOT NULL, 'Sim', 'N達o') AS `terms_accepted` FROM `customer_grid_flat` AS `main_table`
 LEFT JOIN `directory_country_region` AS `rct` ON rct.region_id=`main_table`.`billing_region_id`
 LEFT JOIN `directory_country_region_name` AS `rnt` ON rnt.region_id=`main_table`.`billing_region_id` AND rnt.locale='en_US'
 LEFT JOIN (SELECT customer_id, MAX(accepted_at) as accepted_at FROM company_terms_acceptance GROUP BY customer_id) AS `terms` ON terms.customer_id = main_table.entity_id WHERE  (((`main_table`.`terms_accepted` = 'Sim'))) ORDER BY main_table.entity_id ASC
 LIMIT 20 at /var/www/html/vendor/magento/framework/DB/Statement/Pdo/Mysql.php:109)
[previous exception] [object] (PDOException(code: 42S22): SQLSTATE[42S22]: Column not found: 1054 Unknown column 'main_table.terms_accepted' in 'WHERE' at /var/www/html/vendor/magento/framework/DB/Statement/Pdo/Mysql.php:90)"} []
